<?xml version="1.0" encoding="UTF-8"?>
<!-- Generated by org.testng.reporters.JUnitXMLReporter -->
<testsuite hostname="optimus-154" name="NEAT Tests" tests="3" failures="2" timestamp="19 May 2016 05:06:23 GMT" time="141.609" errors="0">
  <testcase name="voidPolicy" time="15.371" classname="com.BCAA.neat.testcases.HabitationalTests">
    <failure type="java.lang.AssertionError" message="null">
      <![CDATA[java.lang.AssertionError: null
	at com.BCAA.neat.executor.Browser.setElement(Browser.java:133)
	at com.BCAA.neat.pageObjects.navigation.InsurancePage.quotesAndPoliciesTab(InsurancePage.java:24)
	at com.BCAA.neat.pageObjects.insurance.FindQuotesOrPolicyPage.searchQuotePolicy(FindQuotesOrPolicyPage.java:91)
	at com.BCAA.neat.pageObjects.insurance.EditQuotesOrPolicyPage.searchAndEditAPolicy(EditQuotesOrPolicyPage.java:68)
	at com.BCAA.neat.testcases.HabitationalTests.verifyOptions(HabitationalTests.java:733)
	at com.BCAA.neat.testcases.HabitationalTests.commitQuote(HabitationalTests.java:753)
	at com.BCAA.neat.testcases.HabitationalTests.addRemarks(HabitationalTests.java:779)
	at com.BCAA.neat.testcases.HabitationalTests.voidPolicy(HabitationalTests.java:899)
... Removed 29 stack frames]]>
    </failure>
  </testcase> <!-- voidPolicy -->
  <testcase name="riskDetails" time="58.372" classname="com.BCAA.neat.testcases.HabitationalTests"/>
  <testcase name="addNotes" time="33.915" classname="com.BCAA.neat.testcases.HabitationalTests">
    <failure type="java.lang.AssertionError" message="null">
      <![CDATA[java.lang.AssertionError: null
	at com.BCAA.neat.executor.Browser.verifyText(Browser.java:155)
	at com.BCAA.neat.pageObjects.insurance.EditQuotesOrPolicyPage.searchAndEditAPolicy(EditQuotesOrPolicyPage.java:71)
	at com.BCAA.neat.testcases.HabitationalTests.verifyOptions(HabitationalTests.java:733)
	at com.BCAA.neat.testcases.HabitationalTests.commitQuote(HabitationalTests.java:753)
	at com.BCAA.neat.testcases.HabitationalTests.addNotes(HabitationalTests.java:765)
... Removed 29 stack frames]]>
    </failure>
  </testcase> <!-- addNotes -->
</testsuite> <!-- NEAT Tests -->
