<html>
<head>
<title>TestNG:  NEAT Tests</title>
<link href="../testng.css" rel="stylesheet" type="text/css" />
<link href="../my-testng.css" rel="stylesheet" type="text/css" />

<style type="text/css">
.log { display: none;} 
.stack-trace { display: none;} 
</style>
<script type="text/javascript">
<!--
function flip(e) {
  current = e.style.display;
  if (current == 'block') {
    e.style.display = 'none';
    return 0;
  }
  else {
    e.style.display = 'block';
    return 1;
  }
}

function toggleBox(szDivId, elem, msg1, msg2)
{
  var res = -1;  if (document.getElementById) {
    res = flip(document.getElementById(szDivId));
  }
  else if (document.all) {
    // this is the way old msie versions work
    res = flip(document.all[szDivId]);
  }
  if(elem) {
    if(res == 0) elem.innerHTML = msg1; else elem.innerHTML = msg2;
  }

}

function toggleAllBoxes() {
  if (document.getElementsByTagName) {
    d = document.getElementsByTagName('div');
    for (i = 0; i < d.length; i++) {
      if (d[i].className == 'log') {
        flip(d[i]);
      }
    }
  }
}

// -->
</script>

</head>
<body>
<h2 align='center'>NEAT Tests</h2><table border='1' align="center">
<tr>
<td>Tests passed/Failed/Skipped:</td><td>30/2/0</td>
</tr><tr>
<td>Started on:</td><td>Mon May 16 11:29:21 IST 2016</td>
</tr>
<tr><td>Total time:</td><td>1082 seconds (1082921 ms)</td>
</tr><tr>
<td>Included groups:</td><td></td>
</tr><tr>
<td>Excluded groups:</td><td></td>
</tr>
</table><p/>
<small><i>(Hover the method name to see the test class name)</i></small><p/>
<table width='100%' border='1' class='invocation-failed'>
<tr><td colspan='4' align='center'><b>FAILED TESTS</b></td></tr>
<tr><td><b>Test method</b></td>
<td width="30%"><b>Exception</b></td>
<td width="10%"><b>Time (seconds)</b></td>
<td><b>Instance</b></td>
</tr>
<tr>
<td title='com.BCAA.neat.testcases.HabitationalTests.addNotes()'><b>addNotes</b><br>Test class: com.BCAA.neat.testcases.HabitationalTests<br>Test method: BCAA-3909: Add Notes<br/>
<a href="#Output-594858858" onClick='toggleBox("Output-594858858", this, "Show output", "Hide output");'>Show output</a>

<a href="#Output-594858858" onClick="toggleAllBoxes();">Show all outputs</a>
<div class='log' id="Output-594858858">
<div style='width: 100px; float: left;'><a style='padding:20px' href='C:\Users\optimus154.OPTIMUSDOM\Desktop\Optimus-repository\BCAA Test Automation Framework\Screenshot\searchQuotePolicy16-05-2016 11-30-33.pngaddNotes16-05-2016 11-44-06.png'><img src='C:\Users\optimus154.OPTIMUSDOM\Desktop\Optimus-repository\BCAA Test Automation Framework\Screenshot\searchQuotePolicy16-05-2016 11-30-33.pngaddNotes16-05-2016 11-44-06.png' width='200px' /> </a></div></div><br/>
</div>
</td>
<td><div><pre>java.lang.AssertionError: null
	at com.BCAA.neat.executor.Browser.setElement(Browser.java:127)
	at com.BCAA.neat.pageObjects.insurance.HomeEvaluationTabPage.addHomeEvaluation(HomeEvaluationTabPage.java:102)
	at com.BCAA.neat.testcases.HabitationalTests.verifyOptions(HabitationalTests.java:762)
	at com.BCAA.neat.testcases.HabitationalTests.commitQuote(HabitationalTests.java:774)
	at com.BCAA.neat.testcases.HabitationalTests.addNotes(HabitationalTests.java:786)
... Removed 29 stack frames</pre></div><a href='#' onClick='toggleBox("stack-trace594858858", this, "Click to show all stack frames", "Click to hide stack frames")'>Click to show all stack frames</a>
<div class='stack-trace' id='stack-trace594858858'><pre>java.lang.AssertionError: null
	at org.testng.Assert.fail(Assert.java:94)
	at org.testng.Assert.fail(Assert.java:101)
	at com.BCAA.neat.executor.Browser.setElement(Browser.java:127)
	at com.BCAA.neat.pageObjects.insurance.HomeEvaluationTabPage.addHomeEvaluation(HomeEvaluationTabPage.java:102)
	at com.BCAA.neat.testcases.HabitationalTests.verifyOptions(HabitationalTests.java:762)
	at com.BCAA.neat.testcases.HabitationalTests.commitQuote(HabitationalTests.java:774)
	at com.BCAA.neat.testcases.HabitationalTests.addNotes(HabitationalTests.java:786)
	at sun.reflect.NativeMethodAccessorImpl.invoke0(Native Method)
	at sun.reflect.NativeMethodAccessorImpl.invoke(NativeMethodAccessorImpl.java:62)
	at sun.reflect.DelegatingMethodAccessorImpl.invoke(DelegatingMethodAccessorImpl.java:43)
	at java.lang.reflect.Method.invoke(Method.java:498)
	at org.testng.internal.MethodInvocationHelper.invokeMethod(MethodInvocationHelper.java:86)
	at org.testng.internal.Invoker.invokeMethod(Invoker.java:643)
	at org.testng.internal.Invoker.invokeTestMethod(Invoker.java:820)
	at org.testng.internal.Invoker.invokeTestMethods(Invoker.java:1128)
	at org.testng.internal.TestMethodWorker.invokeTestMethods(TestMethodWorker.java:129)
	at org.testng.internal.TestMethodWorker.run(TestMethodWorker.java:112)
	at org.testng.TestRunner.privateRun(TestRunner.java:782)
	at org.testng.TestRunner.run(TestRunner.java:632)
	at org.testng.SuiteRunner.runTest(SuiteRunner.java:366)
	at org.testng.SuiteRunner.runSequentially(SuiteRunner.java:361)
	at org.testng.SuiteRunner.privateRun(SuiteRunner.java:319)
	at org.testng.SuiteRunner.run(SuiteRunner.java:268)
	at org.testng.SuiteRunnerWorker.runSuite(SuiteRunnerWorker.java:52)
	at org.testng.SuiteRunnerWorker.run(SuiteRunnerWorker.java:86)
	at org.testng.TestNG.runSuitesSequentially(TestNG.java:1244)
	at org.testng.TestNG.runSuitesLocally(TestNG.java:1169)
	at org.testng.TestNG.run(TestNG.java:1064)
	at org.apache.maven.surefire.testng.TestNGExecutor.run(TestNGExecutor.java:281)
	at org.apache.maven.surefire.testng.TestNGXmlTestSuite.execute(TestNGXmlTestSuite.java:75)
	at org.apache.maven.surefire.testng.TestNGProvider.invoke(TestNGProvider.java:121)
	at org.apache.maven.surefire.booter.ForkedBooter.invokeProviderInSameClassLoader(ForkedBooter.java:290)
	at org.apache.maven.surefire.booter.ForkedBooter.runSuitesInProcess(ForkedBooter.java:242)
	at org.apache.maven.surefire.booter.ForkedBooter.main(ForkedBooter.java:121)
</pre></div></td>
<td>134</td>
<td>com.BCAA.neat.testcases.HabitationalTests@12843fce</td></tr>
<tr>
<td title='com.BCAA.neat.testcases.HabitationalTests.searchQuotePolicy()'><b>searchQuotePolicy</b><br>Test class: com.BCAA.neat.testcases.HabitationalTests<br>Test method: BCAA-3931: Find Quote<br/>
<a href="#Output-739973450" onClick='toggleBox("Output-739973450", this, "Show output", "Hide output");'>Show output</a>

<a href="#Output-739973450" onClick="toggleAllBoxes();">Show all outputs</a>
<div class='log' id="Output-739973450">
<div style='width: 100px; float: left;'><a style='padding:20px' href='C:\Users\optimus154.OPTIMUSDOM\Desktop\Optimus-repository\BCAA Test Automation Framework\Screenshot\searchQuotePolicy16-05-2016 11-30-33.png'><img src='C:\Users\optimus154.OPTIMUSDOM\Desktop\Optimus-repository\BCAA Test Automation Framework\Screenshot\searchQuotePolicy16-05-2016 11-30-33.png' width='200px' /> </a></div></div><br/>
</div>
</td>
<td><div><pre>java.lang.AssertionError: null
	at com.BCAA.neat.executor.Browser.setElement(Browser.java:127)
	at com.BCAA.neat.pageObjects.insurance.SelectInsurancePlanPage.selectInsurancePlan(SelectInsurancePlanPage.java:89)
	at com.BCAA.neat.pageObjects.insurance.FindQuotesOrPolicyPage.searchQuotePolicy(FindQuotesOrPolicyPage.java:77)
	at com.BCAA.neat.testcases.HabitationalTests.searchQuotePolicy(HabitationalTests.java:664)
... Removed 29 stack frames</pre></div><a href='#' onClick='toggleBox("stack-trace739973450", this, "Click to show all stack frames", "Click to hide stack frames")'>Click to show all stack frames</a>
<div class='stack-trace' id='stack-trace739973450'><pre>java.lang.AssertionError: null
	at org.testng.Assert.fail(Assert.java:94)
	at org.testng.Assert.fail(Assert.java:101)
	at com.BCAA.neat.executor.Browser.setElement(Browser.java:127)
	at com.BCAA.neat.pageObjects.insurance.SelectInsurancePlanPage.selectInsurancePlan(SelectInsurancePlanPage.java:89)
	at com.BCAA.neat.pageObjects.insurance.FindQuotesOrPolicyPage.searchQuotePolicy(FindQuotesOrPolicyPage.java:77)
	at com.BCAA.neat.testcases.HabitationalTests.searchQuotePolicy(HabitationalTests.java:664)
	at sun.reflect.NativeMethodAccessorImpl.invoke0(Native Method)
	at sun.reflect.NativeMethodAccessorImpl.invoke(NativeMethodAccessorImpl.java:62)
	at sun.reflect.DelegatingMethodAccessorImpl.invoke(DelegatingMethodAccessorImpl.java:43)
	at java.lang.reflect.Method.invoke(Method.java:498)
	at org.testng.internal.MethodInvocationHelper.invokeMethod(MethodInvocationHelper.java:86)
	at org.testng.internal.Invoker.invokeMethod(Invoker.java:643)
	at org.testng.internal.Invoker.invokeTestMethod(Invoker.java:820)
	at org.testng.internal.Invoker.invokeTestMethods(Invoker.java:1128)
	at org.testng.internal.TestMethodWorker.invokeTestMethods(TestMethodWorker.java:129)
	at org.testng.internal.TestMethodWorker.run(TestMethodWorker.java:112)
	at org.testng.TestRunner.privateRun(TestRunner.java:782)
	at org.testng.TestRunner.run(TestRunner.java:632)
	at org.testng.SuiteRunner.runTest(SuiteRunner.java:366)
	at org.testng.SuiteRunner.runSequentially(SuiteRunner.java:361)
	at org.testng.SuiteRunner.privateRun(SuiteRunner.java:319)
	at org.testng.SuiteRunner.run(SuiteRunner.java:268)
	at org.testng.SuiteRunnerWorker.runSuite(SuiteRunnerWorker.java:52)
	at org.testng.SuiteRunnerWorker.run(SuiteRunnerWorker.java:86)
	at org.testng.TestNG.runSuitesSequentially(TestNG.java:1244)
	at org.testng.TestNG.runSuitesLocally(TestNG.java:1169)
	at org.testng.TestNG.run(TestNG.java:1064)
	at org.apache.maven.surefire.testng.TestNGExecutor.run(TestNGExecutor.java:281)
	at org.apache.maven.surefire.testng.TestNGXmlTestSuite.execute(TestNGXmlTestSuite.java:75)
	at org.apache.maven.surefire.testng.TestNGProvider.invoke(TestNGProvider.java:121)
	at org.apache.maven.surefire.booter.ForkedBooter.invokeProviderInSameClassLoader(ForkedBooter.java:290)
	at org.apache.maven.surefire.booter.ForkedBooter.runSuitesInProcess(ForkedBooter.java:242)
	at org.apache.maven.surefire.booter.ForkedBooter.main(ForkedBooter.java:121)
</pre></div></td>
<td>22</td>
<td>com.BCAA.neat.testcases.HabitationalTests@12843fce</td></tr>
</table><p>
<table width='100%' border='1' class='invocation-passed'>
<tr><td colspan='4' align='center'><b>PASSED TESTS</b></td></tr>
<tr><td><b>Test method</b></td>
<td width="30%"><b>Exception</b></td>
<td width="10%"><b>Time (seconds)</b></td>
<td><b>Instance</b></td>
</tr>
<tr>
<td title='com.BCAA.neat.testcases.HabitationalTests.BCAA_3946()'><b>BCAA_3946</b><br>Test class: com.BCAA.neat.testcases.HabitationalTests<br>Test method: BCAA-3946:Commit Quote, Copy and Issue a Policy</td>
<td></td>
<td>0</td>
<td>com.BCAA.neat.testcases.HabitationalTests@12843fce</td></tr>
<tr>
<td title='com.BCAA.neat.testcases.HabitationalTests.BCAA_3950_Condo()'><b>BCAA_3950_Condo</b><br>Test class: com.BCAA.neat.testcases.HabitationalTests<br>Test method: BCAA-3950:Issue an Endorsed Policy (Condo)</td>
<td></td>
<td>0</td>
<td>com.BCAA.neat.testcases.HabitationalTests@12843fce</td></tr>
<tr>
<td title='com.BCAA.neat.testcases.HabitationalTests.BCAA_3950_Home()'><b>BCAA_3950_Home</b><br>Test class: com.BCAA.neat.testcases.HabitationalTests<br>Test method: BCAA-3950:Issue an Endorsed Policy (Home)</td>
<td></td>
<td>0</td>
<td>com.BCAA.neat.testcases.HabitationalTests@12843fce</td></tr>
<tr>
<td title='com.BCAA.neat.testcases.HabitationalTests.BCAA_3950_Tenant()'><b>BCAA_3950_Tenant</b><br>Test class: com.BCAA.neat.testcases.HabitationalTests<br>Test method: BCAA-3950:Issue an Endorsed Policy (Tenant)</td>
<td></td>
<td>0</td>
<td>com.BCAA.neat.testcases.HabitationalTests@12843fce</td></tr>
<tr>
<td title='com.BCAA.neat.testcases.HabitationalTests.BCAA_3953()'><b>BCAA_3953</b><br>Test class: com.BCAA.neat.testcases.HabitationalTests<br>Test method: BCAA-3953: Create and Delete External Claim</td>
<td></td>
<td>0</td>
<td>com.BCAA.neat.testcases.HabitationalTests@12843fce</td></tr>
<tr>
<td title='com.BCAA.neat.testcases.HabitationalTests.BCAA_3955_WithEPP()'><b>BCAA_3955_WithEPP</b><br>Test class: com.BCAA.neat.testcases.HabitationalTests<br>Test method: BCAA-3955: Renew and Cancel a Policy (with EPP)</td>
<td></td>
<td>0</td>
<td>com.BCAA.neat.testcases.HabitationalTests@12843fce</td></tr>
<tr>
<td title='com.BCAA.neat.testcases.HabitationalTests.BCAA_3955_WithOutEPP()'><b>BCAA_3955_WithOutEPP</b><br>Test class: com.BCAA.neat.testcases.HabitationalTests<br>Test method: BCAA-3955: Renew and Cancel a Policy (without EPP)</td>
<td></td>
<td>0</td>
<td>com.BCAA.neat.testcases.HabitationalTests@12843fce</td></tr>
<tr>
<td title='com.BCAA.neat.testcases.HabitationalTests.BCAA_3960()'><b>BCAA_3960</b><br>Test class: com.BCAA.neat.testcases.HabitationalTests<br>Test method: BCAA-3960: Reinstate a Policy</td>
<td></td>
<td>0</td>
<td>com.BCAA.neat.testcases.HabitationalTests@12843fce</td></tr>
<tr>
<td title='com.BCAA.neat.testcases.HabitationalTests.BCAA_3962()'><b>BCAA_3962</b><br>Test class: com.BCAA.neat.testcases.HabitationalTests<br>Test method: BCAA-3962: Void a Policy</td>
<td></td>
<td>0</td>
<td>com.BCAA.neat.testcases.HabitationalTests@12843fce</td></tr>
<tr>
<td title='com.BCAA.neat.testcases.HabitationalTests.BCAA_3964()'><b>BCAA_3964</b><br>Test class: com.BCAA.neat.testcases.HabitationalTests<br>Test method: BCAA-3964: Commit Quote ,Copy and Issue a Policy with Multiple Assets</td>
<td></td>
<td>0</td>
<td>com.BCAA.neat.testcases.HabitationalTests@12843fce</td></tr>
<tr>
<td title='com.BCAA.neat.testcases.HabitationalTests.BCAA_3965()'><b>BCAA_3965</b><br>Test class: com.BCAA.neat.testcases.HabitationalTests<br>Test method: BCAA-3965: Endorse a Policy (Multiple Times) with Home Business Added</td>
<td></td>
<td>0</td>
<td>com.BCAA.neat.testcases.HabitationalTests@12843fce</td></tr>
<tr>
<td title='com.BCAA.neat.testcases.HabitationalTests.BCAA_3968()'><b>BCAA_3968</b><br>Test class: com.BCAA.neat.testcases.HabitationalTests<br>Test method: BCAA-3968:Endorse a Policy (RCT to Appraisal)</td>
<td></td>
<td>0</td>
<td>com.BCAA.neat.testcases.HabitationalTests@12843fce</td></tr>
<tr>
<td title='com.BCAA.neat.testcases.HabitationalTests.BCAA_3971()'><b>BCAA_3971</b><br>Test class: com.BCAA.neat.testcases.HabitationalTests<br>Test method: BCAA-3971:Endorse a Policy (Upgrade from H1 to H5)</td>
<td></td>
<td>0</td>
<td>com.BCAA.neat.testcases.HabitationalTests@12843fce</td></tr>
<tr>
<td title='com.BCAA.neat.testcases.HabitationalTests.BCAA_3973()'><b>BCAA_3973</b><br>Test class: com.BCAA.neat.testcases.HabitationalTests<br>Test method: BCAA-3973:Set an additional insured as the primary policyholder</td>
<td></td>
<td>0</td>
<td>com.BCAA.neat.testcases.HabitationalTests@12843fce</td></tr>
<tr>
<td title='com.BCAA.neat.testcases.HabitationalTests.BCAA_3976()'><b>BCAA_3976</b><br>Test class: com.BCAA.neat.testcases.HabitationalTests<br>Test method: BCAA-3976:Member related discounts should be removed when member is removed</td>
<td></td>
<td>0</td>
<td>com.BCAA.neat.testcases.HabitationalTests@12843fce</td></tr>
<tr>
<td title='com.BCAA.neat.testcases.HabitationalTests.BCAA_3981()'><b>BCAA_3981</b><br>Test class: com.BCAA.neat.testcases.HabitationalTests<br>Test method: BCAA-3981:Safe Home points is adjusted accordingly when Safe Home points are earned or lost</td>
<td></td>
<td>0</td>
<td>com.BCAA.neat.testcases.HabitationalTests@12843fce</td></tr>
<tr>
<td title='com.BCAA.neat.testcases.HabitationalTests.BCAA_4009()'><b>BCAA_4009</b><br>Test class: com.BCAA.neat.testcases.HabitationalTests<br>Test method: BCAA-4009:Endorse an issued policy and date in the future</td>
<td></td>
<td>0</td>
<td>com.BCAA.neat.testcases.HabitationalTests@12843fce</td></tr>
<tr>
<td title='com.BCAA.neat.testcases.HabitationalTests.BCAA_4013()'><b>BCAA_4013</b><br>Test class: com.BCAA.neat.testcases.HabitationalTests<br>Test method: BCAA-4013:Adding a 2nd location asset with a different liability should result to error</td>
<td></td>
<td>0</td>
<td>com.BCAA.neat.testcases.HabitationalTests@12843fce</td></tr>
<tr>
<td title='com.BCAA.neat.testcases.HabitationalTests.BCAA_4015()'><b>BCAA_4015</b><br>Test class: com.BCAA.neat.testcases.HabitationalTests<br>Test method: BCAA-4015:Trigger an authorization and have someone with authority to use the “Override Sign In” link</td>
<td></td>
<td>0</td>
<td>com.BCAA.neat.testcases.HabitationalTests@12843fce</td></tr>
<tr>
<td title='com.BCAA.neat.testcases.HabitationalTests.BCAA_4018()'><b>BCAA_4018</b><br>Test class: com.BCAA.neat.testcases.HabitationalTests<br>Test method:  BCAA-4018:Remove FUS Override on Edit Asset page</td>
<td></td>
<td>0</td>
<td>com.BCAA.neat.testcases.HabitationalTests@12843fce</td></tr>
<tr>
<td title='com.BCAA.neat.testcases.HabitationalTests.addInsured()'><b>addInsured</b><br>Test class: com.BCAA.neat.testcases.HabitationalTests<br>Test method: BCAA-3935: Add Insured</td>
<td></td>
<td>49</td>
<td>com.BCAA.neat.testcases.HabitationalTests@12843fce</td></tr>
<tr>
<td title='com.BCAA.neat.testcases.HabitationalTests.addRemarks()'><b>addRemarks</b><br>Test class: com.BCAA.neat.testcases.HabitationalTests<br>Test method: BCAA-3908: Add Remarks</td>
<td></td>
<td>192</td>
<td>com.BCAA.neat.testcases.HabitationalTests@12843fce</td></tr>
<tr>
<td title='com.BCAA.neat.testcases.HabitationalTests.commitQuote()'><b>commitQuote</b><br>Test class: com.BCAA.neat.testcases.HabitationalTests<br>Test method: BCAA-3905: Commit Quote</td>
<td></td>
<td>183</td>
<td>com.BCAA.neat.testcases.HabitationalTests@12843fce</td></tr>
<tr>
<td title='com.BCAA.neat.testcases.HabitationalTests.createDraftQuote()'><b>createDraftQuote</b><br>Test class: com.BCAA.neat.testcases.HabitationalTests<br>Test method: BCAA-3986: Create Habitational Draft Quote</td>
<td></td>
<td>21</td>
<td>com.BCAA.neat.testcases.HabitationalTests@12843fce</td></tr>
<tr>
<td title='com.BCAA.neat.testcases.HabitationalTests.editInsured()'><b>editInsured</b><br>Test class: com.BCAA.neat.testcases.HabitationalTests<br>Test method: BCAA-3901: Edit Insured</td>
<td></td>
<td>46</td>
<td>com.BCAA.neat.testcases.HabitationalTests@12843fce</td></tr>
<tr>
<td title='com.BCAA.neat.testcases.HabitationalTests.goToAssetsTab()'><b>goToAssetsTab</b><br>Test class: com.BCAA.neat.testcases.HabitationalTests<br>Test method: BCAA-3990: Go To Assets Tab</td>
<td></td>
<td>47</td>
<td>com.BCAA.neat.testcases.HabitationalTests@12843fce</td></tr>
<tr>
<td title='com.BCAA.neat.testcases.HabitationalTests.goToHomeEvaluationTab()'><b>goToHomeEvaluationTab</b><br>Test class: com.BCAA.neat.testcases.HabitationalTests<br>Test method: BCAA-3992: Go To Home Evaluation Tab</td>
<td></td>
<td>117</td>
<td>com.BCAA.neat.testcases.HabitationalTests@12843fce</td></tr>
<tr>
<td title='com.BCAA.neat.testcases.HabitationalTests.logInToNEAT()'><b>logInToNEAT</b><br>Test class: com.BCAA.neat.testcases.HabitationalTests<br>Test method: BCAA-3934: Log Into NEAT</td>
<td></td>
<td>3</td>
<td>com.BCAA.neat.testcases.HabitationalTests@12843fce</td></tr>
<tr>
<td title='com.BCAA.neat.testcases.HabitationalTests.riskDetails()'><b>riskDetails</b><br>Test class: com.BCAA.neat.testcases.HabitationalTests<br>Test method: BCAA-3930: Add Home Asset - Risk Details</td>
<td></td>
<td>71</td>
<td>com.BCAA.neat.testcases.HabitationalTests@12843fce</td></tr>
<tr>
<td title='com.BCAA.neat.testcases.HabitationalTests.verifyOptions()'><b>verifyOptions</b><br>Test class: com.BCAA.neat.testcases.HabitationalTests<br>Test method: BCAA-3916: Verify Options</td>
<td></td>
<td>161</td>
<td>com.BCAA.neat.testcases.HabitationalTests@12843fce</td></tr>
</table><p>
</body>
</html>