<?xml version="1.0" encoding="UTF-8"?>
<testng-results skipped="0" failed="1" total="2" passed="1">
  <reporter-output>
  </reporter-output>
  <suite name="Default suite" duration-ms="45717" started-at="2016-05-19T06:16:13Z" finished-at="2016-05-19T06:16:59Z">
    <groups>
    </groups>
    <test name="Default test" duration-ms="45717" started-at="2016-05-19T06:16:13Z" finished-at="2016-05-19T06:16:59Z">
      <class name="com.BCAA.neat.testcases.HabitationalTests">
        <test-method status="PASS" signature="setLogger()[pri:0, instance:com.BCAA.neat.testcases.HabitationalTests@14bf9759]" name="setLogger" is-config="true" duration-ms="22325" started-at="2016-05-19T11:46:13Z" finished-at="2016-05-19T11:46:35Z">
          <reporter-output>
          </reporter-output>
        </test-method> <!-- setLogger -->
        <test-method status="PASS" signature="createDraftQuote()[pri:1, instance:com.BCAA.neat.testcases.HabitationalTests@14bf9759]" name="createDraftQuote" duration-ms="7231" started-at="2016-05-19T11:46:35Z" description="BCAA-3986: Create Habitational Draft Quote" finished-at="2016-05-19T11:46:42Z">
          <reporter-output>
          </reporter-output>
        </test-method> <!-- createDraftQuote -->
        <test-method status="FAIL" signature="riskDetails()[pri:8, instance:com.BCAA.neat.testcases.HabitationalTests@14bf9759]" name="riskDetails" duration-ms="11848" started-at="2016-05-19T11:46:42Z" description="BCAA-3930: Add Home Asset - Risk Details" finished-at="2016-05-19T11:46:54Z">
          <exception class="java.lang.AssertionError">
            <message>
              <![CDATA[null]]>
            </message>
            <full-stacktrace>
              <![CDATA[java.lang.AssertionError: null
	at org.testng.Assert.fail(Assert.java:94)
	at org.testng.Assert.fail(Assert.java:101)
	at com.BCAA.neat.executor.Browser.setElement(Browser.java:132)
	at com.BCAA.neat.baseElementClass.Button.click(Button.java:18)
	at com.BCAA.neat.pageObjects.insurance.AssetsTabPage.addAsset(AssetsTabPage.java:84)
	at com.BCAA.neat.testcases.HabitationalTests.goToAssetsTab(HabitationalTests.java:649)
	at com.BCAA.neat.testcases.HabitationalTests.riskDetails(HabitationalTests.java:709)
	at sun.reflect.NativeMethodAccessorImpl.invoke0(Native Method)
	at sun.reflect.NativeMethodAccessorImpl.invoke(NativeMethodAccessorImpl.java:62)
	at sun.reflect.DelegatingMethodAccessorImpl.invoke(DelegatingMethodAccessorImpl.java:43)
	at java.lang.reflect.Method.invoke(Method.java:498)
	at org.testng.internal.MethodInvocationHelper.invokeMethod(MethodInvocationHelper.java:86)
	at org.testng.internal.Invoker.invokeMethod(Invoker.java:643)
	at org.testng.internal.Invoker.invokeTestMethod(Invoker.java:820)
	at org.testng.internal.Invoker.invokeTestMethods(Invoker.java:1128)
	at org.testng.internal.TestMethodWorker.invokeTestMethods(TestMethodWorker.java:129)
	at org.testng.internal.TestMethodWorker.run(TestMethodWorker.java:112)
	at org.testng.TestRunner.privateRun(TestRunner.java:782)
	at org.testng.TestRunner.run(TestRunner.java:632)
	at org.testng.SuiteRunner.runTest(SuiteRunner.java:366)
	at org.testng.SuiteRunner.runSequentially(SuiteRunner.java:361)
	at org.testng.SuiteRunner.privateRun(SuiteRunner.java:319)
	at org.testng.SuiteRunner.run(SuiteRunner.java:268)
	at org.testng.SuiteRunnerWorker.runSuite(SuiteRunnerWorker.java:52)
	at org.testng.SuiteRunnerWorker.run(SuiteRunnerWorker.java:86)
	at org.testng.TestNG.runSuitesSequentially(TestNG.java:1244)
	at org.testng.TestNG.runSuitesLocally(TestNG.java:1169)
	at org.testng.TestNG.run(TestNG.java:1064)
	at org.testng.remote.AbstractRemoteTestNG.run(AbstractRemoteTestNG.java:126)
	at org.testng.remote.RemoteTestNG.initAndRun(RemoteTestNG.java:137)
	at org.testng.remote.RemoteTestNG.main(RemoteTestNG.java:58)
]]>
            </full-stacktrace>
          </exception> <!-- java.lang.AssertionError -->
          <reporter-output>
          </reporter-output>
        </test-method> <!-- riskDetails -->
        <test-method status="PASS" signature="closeBrowser()[pri:0, instance:com.BCAA.neat.testcases.HabitationalTests@14bf9759]" name="closeBrowser" is-config="true" duration-ms="4297" started-at="2016-05-19T11:46:54Z" finished-at="2016-05-19T11:46:59Z">
          <reporter-output>
          </reporter-output>
        </test-method> <!-- closeBrowser -->
      </class> <!-- com.BCAA.neat.testcases.HabitationalTests -->
    </test> <!-- Default test -->
  </suite> <!-- Default suite -->
</testng-results>
