<?xml version="1.0" encoding="UTF-8"?>
<testng-results skipped="0" failed="0" total="1" passed="1">
  <reporter-output>
  </reporter-output>
  <suite name="Default suite" duration-ms="18013" started-at="2016-05-04T11:13:34Z" finished-at="2016-05-04T11:13:52Z">
    <groups>
    </groups>
    <test name="Default test" duration-ms="18013" started-at="2016-05-04T11:13:34Z" finished-at="2016-05-04T11:13:52Z">
      <class name="com.BCAA.testcases.VerifyValidLogin">
        <test-method status="PASS" signature="openBrowser()[pri:0, instance:com.BCAA.testcases.VerifyValidLogin@9629756]" name="openBrowser" is-config="true" duration-ms="9997" started-at="2016-05-04T16:43:34Z" finished-at="2016-05-04T16:43:44Z">
          <reporter-output>
          </reporter-output>
        </test-method> <!-- openBrowser -->
        <test-method status="PASS" signature="checkValidUser()[pri:0, instance:com.BCAA.testcases.VerifyValidLogin@9629756]" name="checkValidUser" duration-ms="7343" started-at="2016-05-04T16:43:44Z" finished-at="2016-05-04T16:43:52Z">
          <reporter-output>
          </reporter-output>
        </test-method> <!-- checkValidUser -->
        <test-method status="PASS" signature="closeBrowser()[pri:0, instance:com.BCAA.testcases.VerifyValidLogin@9629756]" name="closeBrowser" is-config="true" duration-ms="673" started-at="2016-05-04T16:43:52Z" finished-at="2016-05-04T16:43:52Z">
          <reporter-output>
          </reporter-output>
        </test-method> <!-- closeBrowser -->
      </class> <!-- com.BCAA.testcases.VerifyValidLogin -->
    </test> <!-- Default test -->
  </suite> <!-- Default suite -->
</testng-results>
