-------------------------------------------------------------------------------
Test set: TestSuite
-------------------------------------------------------------------------------
Tests run: 6, Failures: 2, Errors: 0, Skipped: 0, Time elapsed: 2,088.22 sec <<< FAILURE! - in TestSuite
additionalInsuredAsPrimaryPolicyholderTest(com.BCAA.neat.testcases.HabitationalTests)  Time elapsed: 152.559 sec  <<< FAILURE!
org.openqa.selenium.NoSuchElementException: 
Unable to find element with xpath == td[6]/input[contains(@value,'true')] (WARNING: The server did not provide any stacktrace information)
Command duration or timeout: 15.21 seconds
For documentation on this error, please visit: http://seleniumhq.org/exceptions/no_such_element.html
Build info: version: '2.53.0', revision: '35ae25b1534ae328c771e0856c93e187490ca824', time: '2016-03-15 10:43:46'
System info: host: 'optimus-150', ip: '192.197.48.156', os.name: 'Windows 8.1', os.arch: 'amd64', os.version: '6.3', java.version: '1.8.0_40'
Driver info: org.openqa.selenium.ie.InternetExplorerDriver
Capabilities [{browserAttachTimeout=0, enablePersistentHover=true, ie.forceCreateProcessApi=false, ie.usePerProcessProxy=false, ignoreZoomSetting=false, handlesAlerts=true, version=11, platform=WINDOWS, nativeEvents=true, ie.ensureCleanSession=true, elementScrollBehavior=0, ie.browserCommandLineSwitches=, requireWindowFocus=false, browserName=internet explorer, initialBrowserUrl=http://localhost:8141/, takesScreenshot=true, javascriptEnabled=true, ignoreProtectedModeSettings=false, enableElementCacheCleanup=true, cssSelectorsEnabled=true, unexpectedAlertBehaviour=dismiss}]
Session ID: 2a8d2099-92a9-4910-96eb-1e3f87a98797
*** Element info: {Using=xpath, value=td[6]/input[contains(@value,'true')]}
	at com.BCAA.neat.testcases.HabitationalTests.additionalInsuredAsPrimaryPolicyholderTest(HabitationalTests.java:161)

reinstatePolicy(com.BCAA.neat.testcases.HabitationalTests)  Time elapsed: 344.501 sec  <<< FAILURE!
java.lang.AssertionError: 
Timed out after 60 seconds waiting for visibility of element located by By.id: btnAssetsTabDeleteId
Build info: version: '2.53.0', revision: '35ae25b1534ae328c771e0856c93e187490ca824', time: '2016-03-15 10:43:46'
System info: host: 'optimus-150', ip: '192.197.48.156', os.name: 'Windows 8.1', os.arch: 'amd64', os.version: '6.3', java.version: '1.8.0_40'
Driver info: org.openqa.selenium.ie.InternetExplorerDriver
Capabilities [{browserAttachTimeout=0, enablePersistentHover=true, ie.forceCreateProcessApi=false, ie.usePerProcessProxy=false, ignoreZoomSetting=false, handlesAlerts=true, version=11, platform=WINDOWS, nativeEvents=true, ie.ensureCleanSession=true, elementScrollBehavior=0, ie.browserCommandLineSwitches=, requireWindowFocus=false, browserName=internet explorer, initialBrowserUrl=http://localhost:8141/, takesScreenshot=true, javascriptEnabled=true, ignoreProtectedModeSettings=false, enableElementCacheCleanup=true, cssSelectorsEnabled=true, unexpectedAlertBehaviour=dismiss}]
Session ID: 2a8d2099-92a9-4910-96eb-1e3f87a98797
	at com.BCAA.neat.testcases.HabitationalTests.reinstatePolicy(HabitationalTests.java:185)

