<?xml version="1.0" encoding="UTF-8"?>
<testng-results skipped="2" failed="0" total="2" passed="0">
  <reporter-output>
  </reporter-output>
  <suite name="NEAT Smoke Test Suite" duration-ms="30738" started-at="2016-05-19T11:00:45Z" finished-at="2016-05-19T11:01:16Z">
    <groups>
    </groups>
    <test name="NEAT Tests" duration-ms="30738" started-at="2016-05-19T11:00:45Z" finished-at="2016-05-19T11:01:16Z">
      <class name="com.BCAA.neat.testcases.HabitationalTests">
        <test-method status="FAIL" signature="setLogger()[pri:0, instance:com.BCAA.neat.testcases.HabitationalTests@7946e1f4]" name="setLogger" is-config="true" duration-ms="0" started-at="2016-05-19T16:30:45Z" finished-at="2016-05-19T16:30:45Z">
          <exception class="java.lang.AssertionError">
            <message>
              <![CDATA[null]]>
            </message>
            <full-stacktrace>
              <![CDATA[java.lang.AssertionError: null
	at org.testng.Assert.fail(Assert.java:94)
	at org.testng.Assert.fail(Assert.java:101)
	at com.BCAA.neat.executor.Browser.setElement(Browser.java:132)
	at com.BCAA.neat.baseElementClass.TextBox.enterTextInField(TextBox.java:24)
	at com.BCAA.neat.pageObjects.logIn.LoginPage.signIn(LoginPage.java:40)
	at com.BCAA.neat.testcases.HabitationalTests.setLogger(HabitationalTests.java:63)
	at sun.reflect.NativeMethodAccessorImpl.invoke0(Native Method)
	at sun.reflect.NativeMethodAccessorImpl.invoke(NativeMethodAccessorImpl.java:62)
	at sun.reflect.DelegatingMethodAccessorImpl.invoke(DelegatingMethodAccessorImpl.java:43)
	at java.lang.reflect.Method.invoke(Method.java:498)
	at org.testng.internal.MethodInvocationHelper.invokeMethod(MethodInvocationHelper.java:85)
	at org.testng.internal.Invoker.invokeConfigurationMethod(Invoker.java:510)
	at org.testng.internal.Invoker.invokeConfigurations(Invoker.java:211)
	at org.testng.internal.Invoker.invokeConfigurations(Invoker.java:138)
	at org.testng.internal.TestMethodWorker.invokeBeforeClassMethods(TestMethodWorker.java:170)
	at org.testng.internal.TestMethodWorker.run(TestMethodWorker.java:104)
	at org.testng.TestRunner.privateRun(TestRunner.java:774)
	at org.testng.TestRunner.run(TestRunner.java:624)
	at org.testng.SuiteRunner.runTest(SuiteRunner.java:359)
	at org.testng.SuiteRunner.runSequentially(SuiteRunner.java:354)
	at org.testng.SuiteRunner.privateRun(SuiteRunner.java:312)
	at org.testng.SuiteRunner.run(SuiteRunner.java:261)
	at org.testng.SuiteRunnerWorker.runSuite(SuiteRunnerWorker.java:52)
	at org.testng.SuiteRunnerWorker.run(SuiteRunnerWorker.java:86)
	at org.testng.TestNG.runSuitesSequentially(TestNG.java:1215)
	at org.testng.TestNG.runSuitesLocally(TestNG.java:1140)
	at org.testng.TestNG.run(TestNG.java:1048)
	at org.apache.maven.surefire.testng.TestNGExecutor.run(TestNGExecutor.java:281)
	at org.apache.maven.surefire.testng.TestNGXmlTestSuite.execute(TestNGXmlTestSuite.java:75)
	at org.apache.maven.surefire.testng.TestNGProvider.invoke(TestNGProvider.java:121)
	at org.apache.maven.surefire.booter.ForkedBooter.invokeProviderInSameClassLoader(ForkedBooter.java:290)
	at org.apache.maven.surefire.booter.ForkedBooter.runSuitesInProcess(ForkedBooter.java:242)
	at org.apache.maven.surefire.booter.ForkedBooter.main(ForkedBooter.java:121)
]]>
            </full-stacktrace>
          </exception> <!-- java.lang.AssertionError -->
          <reporter-output>
          </reporter-output>
        </test-method> <!-- setLogger -->
        <test-method status="SKIP" signature="createDraftQuote()[pri:1, instance:com.BCAA.neat.testcases.HabitationalTests@7946e1f4]" name="createDraftQuote" duration-ms="1" started-at="2016-05-19T16:31:16Z" description="BCAA-3986: Create Habitational Draft Quote" finished-at="2016-05-19T16:31:16Z">
          <reporter-output>
          </reporter-output>
        </test-method> <!-- createDraftQuote -->
        <test-method status="SKIP" signature="riskDetails()[pri:8, instance:com.BCAA.neat.testcases.HabitationalTests@7946e1f4]" name="riskDetails" duration-ms="1" started-at="2016-05-19T16:31:16Z" description="BCAA-3930: Add Home Asset - Risk Details" finished-at="2016-05-19T16:31:16Z">
          <reporter-output>
          </reporter-output>
        </test-method> <!-- riskDetails -->
        <test-method status="SKIP" signature="closeBrowser()[pri:0, instance:com.BCAA.neat.testcases.HabitationalTests@7946e1f4]" name="closeBrowser" is-config="true" duration-ms="0" started-at="2016-05-19T16:31:16Z" finished-at="2016-05-19T16:31:16Z">
          <reporter-output>
          </reporter-output>
        </test-method> <!-- closeBrowser -->
      </class> <!-- com.BCAA.neat.testcases.HabitationalTests -->
    </test> <!-- NEAT Tests -->
  </suite> <!-- NEAT Smoke Test Suite -->
</testng-results>
