-------------------------------------------------------------------------------
Test set: TestSuite
-------------------------------------------------------------------------------
Tests run: 4, Failures: 1, Errors: 0, Skipped: 3, Time elapsed: 31.118 sec <<< FAILURE! - in TestSuite
setLogger(com.BCAA.neat.testcases.HabitationalTests)  Time elapsed: 30.981 sec  <<< FAILURE!
java.lang.AssertionError: null
	at com.BCAA.neat.testcases.HabitationalTests.setLogger(HabitationalTests.java:63)

