-------------------------------------------------------------------------------
Test set: TestSuite
-------------------------------------------------------------------------------
Tests run: 32, Failures: 2, Errors: 0, Skipped: 0, Time elapsed: 1,083.374 sec <<< FAILURE! - in TestSuite
searchQuotePolicy(com.BCAA.neat.testcases.HabitationalTests)  Time elapsed: 22.493 sec  <<< FAILURE!
java.lang.AssertionError: null
	at com.BCAA.neat.testcases.HabitationalTests.searchQuotePolicy(HabitationalTests.java:664)

addNotes(com.BCAA.neat.testcases.HabitationalTests)  Time elapsed: 134.908 sec  <<< FAILURE!
java.lang.AssertionError: null
	at com.BCAA.neat.testcases.HabitationalTests.verifyOptions(HabitationalTests.java:762)
	at com.BCAA.neat.testcases.HabitationalTests.commitQuote(HabitationalTests.java:774)
	at com.BCAA.neat.testcases.HabitationalTests.addNotes(HabitationalTests.java:786)

