-------------------------------------------------------------------------------
Test set: TestSuite
-------------------------------------------------------------------------------
Tests run: 3, Failures: 2, Errors: 0, Skipped: 0, Time elapsed: 141.925 sec <<< FAILURE! - in TestSuite
voidPolicy(com.BCAA.neat.testcases.HabitationalTests)  Time elapsed: 15.391 sec  <<< FAILURE!
java.lang.AssertionError: null
	at com.BCAA.neat.testcases.HabitationalTests.verifyOptions(HabitationalTests.java:733)
	at com.BCAA.neat.testcases.HabitationalTests.commitQuote(HabitationalTests.java:753)
	at com.BCAA.neat.testcases.HabitationalTests.addRemarks(HabitationalTests.java:779)
	at com.BCAA.neat.testcases.HabitationalTests.voidPolicy(HabitationalTests.java:899)

addNotes(com.BCAA.neat.testcases.HabitationalTests)  Time elapsed: 33.911 sec  <<< FAILURE!
java.lang.AssertionError: null
	at com.BCAA.neat.testcases.HabitationalTests.verifyOptions(HabitationalTests.java:733)
	at com.BCAA.neat.testcases.HabitationalTests.commitQuote(HabitationalTests.java:753)
	at com.BCAA.neat.testcases.HabitationalTests.addNotes(HabitationalTests.java:765)

