<?xml version="1.0" encoding="UTF-8"?>
<testsuite xmlns:xsi="http://www.w3.org/2001/XMLSchema-instance" xsi:schemaLocation="https://maven.apache.org/surefire/maven-surefire-plugin/xsd/surefire-test-report.xsd" name="TestSuite" time="2,088.22" tests="6" errors="0" skipped="0" failures="2">
  <properties>
[...]
</properties>
  <testcase name="SmokeTest" classname="com.BCAA.neat.testcases.HabitationalTests" time="428.587"/>
  <testcase name="additionalInsuredAsPrimaryPolicyholderTest" classname="com.BCAA.neat.testcases.HabitationalTests" time="152.559">
    <failure message="Unable to find element with xpath == td[6]/input[contains(@value,&apos;true&apos;)] (WARNING: The server did not provide any stacktrace information)&#10;Command duration or timeout: 15.21 seconds&#10;For documentation on this error, please visit: http://seleniumhq.org/exceptions/no_such_element.html&#10;Build info: version: &apos;2.53.0&apos;, revision: &apos;35ae25b1534ae328c771e0856c93e187490ca824&apos;, time: &apos;2016-03-15 10:43:46&apos;&#10;System info: host: &apos;optimus-150&apos;, ip: &apos;192.197.48.156&apos;, os.name: &apos;Windows 8.1&apos;, os.arch: &apos;amd64&apos;, os.version: &apos;6.3&apos;, java.version: &apos;1.8.0_40&apos;&#10;Driver info: org.openqa.selenium.ie.InternetExplorerDriver&#10;Capabilities [{browserAttachTimeout=0, enablePersistentHover=true, ie.forceCreateProcessApi=false, ie.usePerProcessProxy=false, ignoreZoomSetting=false, handlesAlerts=true, version=11, platform=WINDOWS, nativeEvents=true, ie.ensureCleanSession=true, elementScrollBehavior=0, ie.browserCommandLineSwitches=, requireWindowFocus=false, browserName=internet explorer, initialBrowserUrl=http://localhost:8141/, takesScreenshot=true, javascriptEnabled=true, ignoreProtectedModeSettings=false, enableElementCacheCleanup=true, cssSelectorsEnabled=true, unexpectedAlertBehaviour=dismiss}]&#10;Session ID: 2a8d2099-92a9-4910-96eb-1e3f87a98797&#10;*** Element info: {Using=xpath, value=td[6]/input[contains(@value,&apos;true&apos;)]}" type="org.openqa.selenium.NoSuchElementException">org.openqa.selenium.NoSuchElementException: 
Unable to find element with xpath == td[6]/input[contains(@value,'true')] (WARNING: The server did not provide any stacktrace information)
Command duration or timeout: 15.21 seconds
For documentation on this error, please visit: http://seleniumhq.org/exceptions/no_such_element.html
Build info: version: '2.53.0', revision: '35ae25b1534ae328c771e0856c93e187490ca824', time: '2016-03-15 10:43:46'
System info: host: 'optimus-150', ip: '192.197.48.156', os.name: 'Windows 8.1', os.arch: 'amd64', os.version: '6.3', java.version: '1.8.0_40'
Driver info: org.openqa.selenium.ie.InternetExplorerDriver
Capabilities [{browserAttachTimeout=0, enablePersistentHover=true, ie.forceCreateProcessApi=false, ie.usePerProcessProxy=false, ignoreZoomSetting=false, handlesAlerts=true, version=11, platform=WINDOWS, nativeEvents=true, ie.ensureCleanSession=true, elementScrollBehavior=0, ie.browserCommandLineSwitches=, requireWindowFocus=false, browserName=internet explorer, initialBrowserUrl=http://localhost:8141/, takesScreenshot=true, javascriptEnabled=true, ignoreProtectedModeSettings=false, enableElementCacheCleanup=true, cssSelectorsEnabled=true, unexpectedAlertBehaviour=dismiss}]
Session ID: 2a8d2099-92a9-4910-96eb-1e3f87a98797
*** Element info: {Using=xpath, value=td[6]/input[contains(@value,'true')]}
	at com.BCAA.neat.testcases.HabitationalTests.additionalInsuredAsPrimaryPolicyholderTest(HabitationalTests.java:161)
</failure>
    <system-out><![CDATA[Starting test case additionalInsuredAsPrimaryPolicyholderTest*****
2016-06-09 16:52:57 INFO  HabitationalTests:157 - Executing test case BCAA-3973
2016-06-09 16:52:57 INFO  InsuranceLibrary:450 - Navigating to Quotes and Policies tab
2016-06-09 16:52:57 INFO  HomePage:66 - Navigating to Insurance tab
2016-06-09 16:52:57 INFO  Browser:173 - Clicking on button
2016-06-09 16:52:59 INFO  HomePage:61 - Navigating to Quotes and Policies tab
2016-06-09 16:52:59 INFO  Browser:173 - Clicking on button
2016-06-09 16:53:01 INFO  InsuranceLibrary:422 - Creating a quote with a member ID
2016-06-09 16:53:01 INFO  InsuranceLibrary:450 - Navigating to Quotes and Policies tab
2016-06-09 16:53:01 INFO  HomePage:66 - Navigating to Insurance tab
2016-06-09 16:53:01 INFO  Browser:173 - Clicking on button
2016-06-09 16:53:03 INFO  HomePage:61 - Navigating to Quotes and Policies tab
2016-06-09 16:53:03 INFO  Browser:173 - Clicking on button
2016-06-09 16:53:06 INFO  FindQuotesOrPolicyPage:113 - Inside createQuote method in FindQuotesOrPolicyPage Class
2016-06-09 16:53:06 INFO  Browser:161 - Entering text into TextBox: 9416789
2016-06-09 16:53:06 INFO  Browser:161 - Entering text into TextBox: 01
2016-06-09 16:53:07 INFO  Browser:173 - Clicking on button
2016-06-09 16:53:10 INFO  SelectInsurancePlanPage:121 - verifySelectInsurancePlanHeader under SelectInsurancePlanPage Class
2016-06-09 16:53:10 INFO  Browser:232 - Verifying the text
2016-06-09 16:53:10 INFO  Browser:236 - Actual value is: Select Insurance Plan
2016-06-09 16:53:10 INFO  Browser:237 - Expected value is: Select Insurance Plan
2016-06-09 16:53:10 INFO  SelectInsurancePlanPage:92 - Inside selectInsurancePlan method in SelectInsurancePlanPage Class
2016-06-09 16:53:10 INFO  SetCalendar:55 - Inside verifyExpiryDate method in SetCalendar Class
2016-06-09 16:53:10 INFO  SetCalendar:40 - Inside calendar method in SetCalendar Class
2016-06-09 16:53:10 INFO  Browser:161 - Entering text into TextBox: 2016/06/09
2016-06-09 16:53:11 INFO  Browser:184 - Selecting DropDown Value: Habitational
2016-06-09 16:53:11 INFO  Browser:232 - Verifying the text
2016-06-09 16:53:11 INFO  Browser:236 - Actual value is: Homeowner
2016-06-09 16:53:11 INFO  Browser:237 - Expected value is: Homeowner
2016-06-09 16:53:11 INFO  Browser:232 - Verifying the text
2016-06-09 16:53:12 INFO  Browser:236 - Actual value is: Home Insurance
2016-06-09 16:53:12 INFO  Browser:237 - Expected value is: Home Insurance
2016-06-09 16:53:12 INFO  Browser:522 - Verifying text by a particular attribute
2016-06-09 16:53:12 INFO  Browser:526 - Expected value is: 2017/06/09
2016-06-09 16:53:12 INFO  Browser:527 - Actual value is: 2017/06/09
2016-06-09 16:53:12 INFO  Browser:173 - Clicking on button
2016-06-09 16:53:22 INFO  EditQuotesOrPolicyPage:267 - Verifying draft quote creation success message
2016-06-09 16:53:22 INFO  Browser:232 - Verifying the text
2016-06-09 16:53:22 INFO  Browser:236 - Actual value is: Draft Quote has been successfully created.
2016-06-09 16:53:22 INFO  Browser:237 - Expected value is: Draft Quote has been successfully created.
2016-06-09 16:53:22 INFO  InsuranceLibrary:362 - Editing primary holder of a policy
2016-06-09 16:53:22 INFO  InsuranceLibrary:488 - Editing an insured member of a policy
2016-06-09 16:53:22 INFO  EditQuotesOrPolicyPage:166 - Navigating to Insureds tab
2016-06-09 16:53:22 INFO  Browser:173 - Clicking on button
2016-06-09 16:53:22 INFO  InsuredsTabPage:62 - Inside select edit insured tab method in InsuredsTabPage Class
2016-06-09 16:53:22 INFO  Table:114 - Selecting first row of the table
2016-06-09 16:53:23 INFO  Table:117 - NUMBER OF ROWS IN THIS TABLE: 2
2016-06-09 16:53:39 INFO  Table:124 - NUMBER OF COLUMNS: 0
2016-06-09 16:53:39 INFO  Table:124 - NUMBER OF COLUMNS: 8
2016-06-09 16:53:39 INFO  Table:127 - row # 2, col # 1text=9416789-01
2016-06-09 16:53:39 INFO  Browser:173 - Clicking on button
2016-06-09 16:53:42 INFO  AddInsuredPage:83 - Verify Edit Insured header text under InsuredsTabPage Class
2016-06-09 16:53:42 INFO  Browser:232 - Verifying the text
2016-06-09 16:53:43 INFO  Browser:236 - Actual value is: Edit Insured
2016-06-09 16:53:43 INFO  Browser:237 - Expected value is: Edit Insured
2016-06-09 16:53:43 INFO  AddInsuredPage:61 - Inside editInsured method in InsuredsTabPage Class
2016-06-09 16:53:43 INFO  Browser:184 - Selecting DropDown Value: No
2016-06-09 16:53:43 INFO  Browser:161 - Entering text into TextBox: Economist
2016-06-09 16:53:44 INFO  Browser:184 - Selecting DropDown Value: No - Consent was not provided
2016-06-09 16:53:45 INFO  Browser:173 - Clicking on button
2016-06-09 16:53:56 INFO  EditQuotesOrPolicyPage:285 - Verifying edited insured success message
2016-06-09 16:53:56 INFO  Browser:232 - Verifying the text
2016-06-09 16:53:56 INFO  Browser:236 - Actual value is: Policy Insured has been saved successfully.
2016-06-09 16:53:56 INFO  Browser:237 - Expected value is: Policy Insured has been saved successfully.
2016-06-09 16:53:56 INFO  InsuredsTabPage:109 - Select Delete button under InsuredsTabPage Class
2016-06-09 16:53:56 INFO  Browser:173 - Clicking on button
2016-06-09 16:53:57 INFO  Browser:270 - Waiting for element to be visible
2016-06-09 16:53:57 INFO  InsuredsTabPage:72 - Inside select add insured tab method in InsuredsTabPage Class
2016-06-09 16:53:57 INFO  Table:114 - Selecting first row of the table
2016-06-09 16:53:57 INFO  Table:117 - NUMBER OF ROWS IN THIS TABLE: 2
2016-06-09 16:54:12 INFO  Table:124 - NUMBER OF COLUMNS: 0
2016-06-09 16:54:12 INFO  Table:124 - NUMBER OF COLUMNS: 8
2016-06-09 16:54:12 INFO  Table:127 - row # 2, col # 1text=9416789-01
2016-06-09 16:54:12 INFO  Browser:173 - Clicking on button
2016-06-09 16:54:15 INFO  AddInsuredPage:44 - Inside addInsured method in InsuredsTabPage Class
2016-06-09 16:54:15 INFO  Browser:232 - Verifying the text
2016-06-09 16:54:15 INFO  Browser:236 - Actual value is: Retrieve Client/Member
2016-06-09 16:54:15 INFO  Browser:237 - Expected value is: Retrieve Client/Member
2016-06-09 16:54:15 INFO  Browser:198 - Checking the CheckBox
2016-06-09 16:54:15 INFO  Browser:201 - CheckBox is already checked
2016-06-09 16:54:15 INFO  Browser:173 - Clicking on button
2016-06-09 16:54:27 INFO  Browser:304 - Waiting for request processing box to disappear
2016-06-09 16:54:28 INFO  InsuredsTabPage:102 - Inside select add insured tab method in InsuredsTabPage Class
2016-06-09 16:54:28 INFO  Table:79 - Selecting a row through partial input text
2016-06-09 16:54:28 INFO  Table:83 - NUMBER OF ROWS IN THIS TABLE: 3
2016-06-09 16:54:43 INFO  Table:90 - NUMBER OF COLUMNS: 0
2016-06-09 16:54:43 INFO  Table:90 - NUMBER OF COLUMNS: 8
2016-06-09 16:54:43 INFO  Table:93 - row # 2, col # 1text=9416789-01
2016-06-09 16:54:44 INFO  Browser:173 - Clicking on button
2016-06-09 16:54:47 INFO  AddInsuredPage:83 - Verify Edit Insured header text under InsuredsTabPage Class
2016-06-09 16:54:47 INFO  Browser:232 - Verifying the text
2016-06-09 16:54:47 INFO  Browser:236 - Actual value is: Edit Insured
2016-06-09 16:54:47 INFO  Browser:237 - Expected value is: Edit Insured
2016-06-09 16:54:47 INFO  AddInsuredPage:74 - Setting user as Primary holder under InsuredsTabPage Class
2016-06-09 16:54:47 INFO  Browser:201 - CheckBox is already checked
2016-06-09 16:54:47 INFO  AddInsuredPage:61 - Inside editInsured method in InsuredsTabPage Class
2016-06-09 16:54:47 INFO  Browser:184 - Selecting DropDown Value: No
2016-06-09 16:54:48 INFO  Browser:161 - Entering text into TextBox: Economist
2016-06-09 16:54:49 INFO  Browser:184 - Selecting DropDown Value: No - Consent was not provided
2016-06-09 16:54:49 INFO  Browser:173 - Clicking on button
2016-06-09 16:54:57 INFO  AddInsuredPage:92 - Verify primary holder is the edited user under InsuredsTabPage Class
2016-06-09 16:54:57 INFO  Table:182 - verify the given text is present
2016-06-09 16:54:58 INFO  Table:186 - NUMBER OF ROWS IN THIS TABLE: 3
2016-06-09 16:55:13 INFO  Table:192 - NUMBER OF COLUMNS: 0
2016-06-09 16:55:13 INFO  Table:192 - NUMBER OF COLUMNS: 8
2016-06-09 16:55:13 INFO  Table:196 - 9416789-01
2016-06-09 16:55:13 INFO  Table:196 - Peterson Best, Ervian Shoei Western
2016-06-09 16:55:13 INFO  Table:196 - 62
2016-06-09 16:55:14 INFO  Table:196 - 1954/05/19
2016-06-09 16:55:14 INFO  Table:196 -  
2016-06-09 16:55:14 INFO  Table:196 - 
2016-06-09 16:55:14 INFO  Table:196 - Policyholder
2016-06-09 16:55:14 INFO  Table:196 - No - Consent was not provided
2016-06-09 16:55:14 INFO  Table:192 - NUMBER OF COLUMNS: 8
2016-06-09 16:55:14 INFO  Table:196 - 9416789-02
2016-06-09 16:55:30 INFO  TestListener:38 - Test case failed due to some other error
]]></system-out>
  </testcase>
  <testcase name="commitQuoteCopyAndIssuePolicyTest" classname="com.BCAA.neat.testcases.HabitationalTests" time="543.247"/>
  <testcase name="createAndDeleteExternalClaimTest" classname="com.BCAA.neat.testcases.HabitationalTests" time="53.833"/>
  <testcase name="reinstatePolicy" classname="com.BCAA.neat.testcases.HabitationalTests" time="344.501">
    <failure message="Timed out after 60 seconds waiting for visibility of element located by By.id: btnAssetsTabDeleteId&#10;Build info: version: &apos;2.53.0&apos;, revision: &apos;35ae25b1534ae328c771e0856c93e187490ca824&apos;, time: &apos;2016-03-15 10:43:46&apos;&#10;System info: host: &apos;optimus-150&apos;, ip: &apos;192.197.48.156&apos;, os.name: &apos;Windows 8.1&apos;, os.arch: &apos;amd64&apos;, os.version: &apos;6.3&apos;, java.version: &apos;1.8.0_40&apos;&#10;Driver info: org.openqa.selenium.ie.InternetExplorerDriver&#10;Capabilities [{browserAttachTimeout=0, enablePersistentHover=true, ie.forceCreateProcessApi=false, ie.usePerProcessProxy=false, ignoreZoomSetting=false, handlesAlerts=true, version=11, platform=WINDOWS, nativeEvents=true, ie.ensureCleanSession=true, elementScrollBehavior=0, ie.browserCommandLineSwitches=, requireWindowFocus=false, browserName=internet explorer, initialBrowserUrl=http://localhost:8141/, takesScreenshot=true, javascriptEnabled=true, ignoreProtectedModeSettings=false, enableElementCacheCleanup=true, cssSelectorsEnabled=true, unexpectedAlertBehaviour=dismiss}]&#10;Session ID: 2a8d2099-92a9-4910-96eb-1e3f87a98797" type="java.lang.AssertionError">java.lang.AssertionError: 
Timed out after 60 seconds waiting for visibility of element located by By.id: btnAssetsTabDeleteId
Build info: version: '2.53.0', revision: '35ae25b1534ae328c771e0856c93e187490ca824', time: '2016-03-15 10:43:46'
System info: host: 'optimus-150', ip: '192.197.48.156', os.name: 'Windows 8.1', os.arch: 'amd64', os.version: '6.3', java.version: '1.8.0_40'
Driver info: org.openqa.selenium.ie.InternetExplorerDriver
Capabilities [{browserAttachTimeout=0, enablePersistentHover=true, ie.forceCreateProcessApi=false, ie.usePerProcessProxy=false, ignoreZoomSetting=false, handlesAlerts=true, version=11, platform=WINDOWS, nativeEvents=true, ie.ensureCleanSession=true, elementScrollBehavior=0, ie.browserCommandLineSwitches=, requireWindowFocus=false, browserName=internet explorer, initialBrowserUrl=http://localhost:8141/, takesScreenshot=true, javascriptEnabled=true, ignoreProtectedModeSettings=false, enableElementCacheCleanup=true, cssSelectorsEnabled=true, unexpectedAlertBehaviour=dismiss}]
Session ID: 2a8d2099-92a9-4910-96eb-1e3f87a98797
	at com.BCAA.neat.testcases.HabitationalTests.reinstatePolicy(HabitationalTests.java:185)
</failure>
    <system-out><![CDATA[Starting test case reinstatePolicy*****
2016-06-09 17:05:27 INFO  HabitationalTests:183 - Executing test case BCAA-3960
2016-06-09 17:05:27 INFO  InsuranceLibrary:202 - Issuing a policy
2016-06-09 17:05:27 INFO  InsuranceLibrary:178 - Committing a quote
2016-06-09 17:05:27 INFO  InsuranceLibrary:450 - Navigating to Quotes and Policies tab
2016-06-09 17:05:27 INFO  HomePage:66 - Navigating to Insurance tab
2016-06-09 17:05:27 INFO  Browser:173 - Clicking on button
2016-06-09 17:05:29 INFO  HomePage:61 - Navigating to Quotes and Policies tab
2016-06-09 17:05:29 INFO  Browser:173 - Clicking on button
2016-06-09 17:05:32 INFO  FindQuotesOrPolicyPage:113 - Inside createQuote method in FindQuotesOrPolicyPage Class
2016-06-09 17:05:32 INFO  Browser:161 - Entering text into TextBox: 9416789
2016-06-09 17:05:33 INFO  Browser:161 - Entering text into TextBox: 01
2016-06-09 17:05:34 INFO  Browser:173 - Clicking on button
2016-06-09 17:05:36 INFO  SelectInsurancePlanPage:92 - Inside selectInsurancePlan method in SelectInsurancePlanPage Class
2016-06-09 17:05:36 INFO  SetCalendar:55 - Inside verifyExpiryDate method in SetCalendar Class
2016-06-09 17:05:36 INFO  SetCalendar:40 - Inside calendar method in SetCalendar Class
2016-06-09 17:05:36 INFO  Browser:161 - Entering text into TextBox: 2016/06/09
2016-06-09 17:05:37 INFO  Browser:184 - Selecting DropDown Value: Habitational
2016-06-09 17:05:38 INFO  Browser:232 - Verifying the text
2016-06-09 17:05:38 INFO  Browser:236 - Actual value is: Homeowner
2016-06-09 17:05:38 INFO  Browser:237 - Expected value is: Homeowner
2016-06-09 17:05:38 INFO  Browser:232 - Verifying the text
2016-06-09 17:05:38 INFO  Browser:236 - Actual value is: Home Insurance
2016-06-09 17:05:38 INFO  Browser:237 - Expected value is: Home Insurance
2016-06-09 17:05:38 INFO  Browser:522 - Verifying text by a particular attribute
2016-06-09 17:05:38 INFO  Browser:526 - Expected value is: 2017/06/09
2016-06-09 17:05:38 INFO  Browser:527 - Actual value is: 2017/06/09
2016-06-09 17:05:38 INFO  Browser:173 - Clicking on button
2016-06-09 17:05:47 INFO  EditQuotesOrPolicyPage:267 - Verifying draft quote creation success message
2016-06-09 17:05:47 INFO  Browser:232 - Verifying the text
2016-06-09 17:05:47 INFO  Browser:236 - Actual value is: Draft Quote has been successfully created.
2016-06-09 17:05:47 INFO  Browser:237 - Expected value is: Draft Quote has been successfully created.
2016-06-09 17:05:47 INFO  InsuranceLibrary:488 - Editing an insured member of a policy
2016-06-09 17:05:47 INFO  EditQuotesOrPolicyPage:166 - Navigating to Insureds tab
2016-06-09 17:05:47 INFO  Browser:173 - Clicking on button
2016-06-09 17:05:48 INFO  InsuredsTabPage:62 - Inside select edit insured tab method in InsuredsTabPage Class
2016-06-09 17:05:48 INFO  Table:114 - Selecting first row of the table
2016-06-09 17:05:49 INFO  Table:117 - NUMBER OF ROWS IN THIS TABLE: 2
2016-06-09 17:06:04 INFO  Table:124 - NUMBER OF COLUMNS: 0
2016-06-09 17:06:04 INFO  Table:124 - NUMBER OF COLUMNS: 8
2016-06-09 17:06:04 INFO  Table:127 - row # 2, col # 1text=9416789-01
2016-06-09 17:06:04 INFO  Browser:173 - Clicking on button
2016-06-09 17:06:09 INFO  AddInsuredPage:83 - Verify Edit Insured header text under InsuredsTabPage Class
2016-06-09 17:06:09 INFO  Browser:232 - Verifying the text
2016-06-09 17:06:09 INFO  Browser:236 - Actual value is: Edit Insured
2016-06-09 17:06:09 INFO  Browser:237 - Expected value is: Edit Insured
2016-06-09 17:06:09 INFO  AddInsuredPage:61 - Inside editInsured method in InsuredsTabPage Class
2016-06-09 17:06:09 INFO  Browser:184 - Selecting DropDown Value: No
2016-06-09 17:06:09 INFO  Browser:161 - Entering text into TextBox: Economist
2016-06-09 17:06:10 INFO  Browser:184 - Selecting DropDown Value: No - Consent was not provided
2016-06-09 17:06:11 INFO  Browser:173 - Clicking on button
2016-06-09 17:06:21 INFO  EditQuotesOrPolicyPage:285 - Verifying edited insured success message
2016-06-09 17:06:21 INFO  Browser:232 - Verifying the text
2016-06-09 17:06:21 INFO  Browser:236 - Actual value is: Policy Insured has been saved successfully.
2016-06-09 17:06:21 INFO  Browser:237 - Expected value is: Policy Insured has been saved successfully.
2016-06-09 17:06:21 INFO  InsuredsTabPage:109 - Select Delete button under InsuredsTabPage Class
2016-06-09 17:06:21 INFO  Browser:173 - Clicking on button
2016-06-09 17:06:22 INFO  Browser:270 - Waiting for element to be visible
2016-06-09 17:06:22 INFO  InsuranceLibrary:407 - Creating an asset - Home
2016-06-09 17:06:22 INFO  EditQuotesOrPolicyPage:154 - Navigating to Asset tab
2016-06-09 17:06:22 INFO  Browser:173 - Clicking on button
2016-06-09 17:06:23 INFO  AssetsTabPage:47 - Inside select add asset tab method in InsuredsTabPage Class
2016-06-09 17:06:23 INFO  Browser:173 - Clicking on button
2016-06-09 17:06:24 INFO  Browser:173 - Clicking on button
2016-06-09 17:06:35 INFO  AddOrEditAssetPage:122 - Inside addAsset method in AssetsTabPage Class
2016-06-09 17:06:35 INFO  Browser:232 - Verifying the text
2016-06-09 17:06:35 INFO  Browser:236 - Actual value is: Add Home
2016-06-09 17:06:35 INFO  Browser:237 - Expected value is: Add Home
2016-06-09 17:06:35 INFO  Browser:198 - Checking the CheckBox
2016-06-09 17:06:35 INFO  Browser:201 - CheckBox is already checked
2016-06-09 17:06:35 INFO  AddOrEditAssetPage:191 - Inside editAssetPlan method in AssetsTabPage Class
2016-06-09 17:06:35 INFO  Browser:184 - Selecting DropDown Value: H5 ADVANTAGE HOME
2016-06-09 17:06:36 INFO  Browser:173 - Clicking on button
2016-06-09 17:06:36 INFO  Browser:522 - Verifying text by a particular attribute
2016-06-09 17:06:36 INFO  Browser:526 - Expected value is: 4567
2016-06-09 17:06:36 INFO  Browser:527 - Actual value is: 4567
2016-06-09 17:06:36 INFO  Browser:522 - Verifying text by a particular attribute
2016-06-09 17:06:37 INFO  Browser:526 - Expected value is: Burnaby
2016-06-09 17:06:37 INFO  Browser:527 - Actual value is: Burnaby
2016-06-09 17:06:37 INFO  Browser:522 - Verifying text by a particular attribute
2016-06-09 17:06:37 INFO  Browser:526 - Expected value is: Canada Way
2016-06-09 17:06:37 INFO  Browser:527 - Actual value is: Canada Way
2016-06-09 17:06:37 INFO  Browser:522 - Verifying text by a particular attribute
2016-06-09 17:06:37 INFO  Browser:526 - Expected value is: V5G4T1
2016-06-09 17:06:37 INFO  Browser:527 - Actual value is: V5G4T1
2016-06-09 17:06:37 INFO  Browser:497 - Verifying the first selected option of a dropdown
2016-06-09 17:06:37 INFO  Browser:503 - Expected value is: British Columbia
2016-06-09 17:06:37 INFO  Browser:504 - Actual value is: British Columbia
2016-06-09 17:06:37 INFO  Browser:497 - Verifying the first selected option of a dropdown
2016-06-09 17:06:38 INFO  Browser:503 - Expected value is: Canada
2016-06-09 17:06:38 INFO  Browser:504 - Actual value is: Canada
2016-06-09 17:06:38 INFO  AddOrEditAssetPage:102 - Navigating to Risk Details tab
2016-06-09 17:06:38 INFO  Browser:173 - Clicking on button
2016-06-09 17:06:39 INFO  RiskDetailsTabPage:153 - Inside addRiskDetails method in RiskDetailsTabPage Class
2016-06-09 17:06:39 INFO  Browser:184 - Selecting DropDown Value: No
2016-06-09 17:06:39 INFO  Browser:184 - Selecting DropDown Value: No
2016-06-09 17:06:40 INFO  Browser:184 - Selecting DropDown Value: Principal
2016-06-09 17:06:41 INFO  Browser:184 - Selecting DropDown Value: Yes
2016-06-09 17:06:41 INFO  Browser:497 - Verifying the first selected option of a dropdown
2016-06-09 17:06:41 INFO  Browser:503 - Expected value is: 
2016-06-09 17:06:41 INFO  Browser:504 - Actual value is: 
2016-06-09 17:06:41 INFO  Browser:497 - Verifying the first selected option of a dropdown
2016-06-09 17:06:42 INFO  Browser:503 - Expected value is: 
2016-06-09 17:06:42 INFO  Browser:504 - Actual value is: 
2016-06-09 17:06:42 INFO  Browser:184 - Selecting DropDown Value: 200 amp or greater
2016-06-09 17:06:42 INFO  Browser:184 - Selecting DropDown Value: Copper
2016-06-09 17:06:43 INFO  Browser:184 - Selecting DropDown Value: Yes
2016-06-09 17:06:44 INFO  Browser:184 - Selecting DropDown Value: Pit Bull or any 'bull' breed
2016-06-09 17:06:44 INFO  Browser:184 - Selecting DropDown Value: 1
2016-06-09 17:06:45 INFO  Browser:184 - Selecting DropDown Value: 1
2016-06-09 17:06:45 INFO  Browser:184 - Selecting DropDown Value: 0
2016-06-09 17:06:46 INFO  Browser:184 - Selecting DropDown Value: 0
2016-06-09 17:06:47 INFO  Browser:184 - Selecting DropDown Value: No Rental Units
2016-06-09 17:06:47 INFO  Browser:184 - Selecting DropDown Value: No
2016-06-09 17:06:48 INFO  Browser:184 - Selecting DropDown Value: Single family
2016-06-09 17:06:48 INFO  Browser:184 - Selecting DropDown Value: None
2016-06-09 17:06:49 INFO  Browser:173 - Clicking on button
2016-06-09 17:06:49 INFO  Browser:304 - Waiting for request processing box to disappear
2016-06-09 17:07:05 INFO  Browser:173 - Clicking on button
2016-06-09 17:07:15 INFO  Browser:304 - Waiting for request processing box to disappear
2016-06-09 17:07:15 INFO  Browser:173 - Clicking on button
2016-06-09 17:07:24 INFO  Browser:232 - Verifying the text
2016-06-09 17:07:24 INFO  Browser:236 - Actual value is: Policy Home Asset was saved successfully.
2016-06-09 17:07:24 INFO  Browser:237 - Expected value is: Policy Home Asset was saved successfully.
2016-06-09 17:07:24 INFO  Browser:497 - Verifying the first selected option of a dropdown
2016-06-09 17:07:25 INFO  Browser:503 - Expected value is: Within 300m by Road
2016-06-09 17:07:25 INFO  Browser:504 - Actual value is: Within 300m by Road
2016-06-09 17:07:25 INFO  Browser:497 - Verifying the first selected option of a dropdown
2016-06-09 17:07:25 INFO  Browser:503 - Expected value is: Within 8km by Road
2016-06-09 17:07:25 INFO  Browser:504 - Actual value is: Within 8km by Road
2016-06-09 17:07:25 INFO  Browser:522 - Verifying text by a particular attribute
2016-06-09 17:07:25 INFO  Browser:526 - Expected value is: Protected
2016-06-09 17:07:25 INFO  Browser:527 - Actual value is: Protected
2016-06-09 17:07:25 INFO  Browser:184 - Selecting DropDown Value: No
2016-06-09 17:07:26 INFO  Browser:545 - Verify if the element is disabled
2016-06-09 17:07:31 INFO  Browser:173 - Clicking on button
2016-06-09 17:07:41 INFO  Browser:304 - Waiting for request processing box to disappear
2016-06-09 17:07:42 INFO  Browser:232 - Verifying the text
2016-06-09 17:07:42 INFO  Browser:236 - Actual value is: Policy Home Asset was saved successfully.
2016-06-09 17:07:42 INFO  Browser:237 - Expected value is: Policy Home Asset was saved successfully.
2016-06-09 17:07:42 INFO  AddOrEditAssetPage:96 - Navigating to Home Evaluation tab
2016-06-09 17:07:42 INFO  Browser:173 - Clicking on button
2016-06-09 17:07:42 INFO  HomeEvaluationTabPage:92 - Inside addHomeEvaluation method in HomeEvaluationTabPage Class
2016-06-09 17:07:42 INFO  Browser:173 - Clicking on button
2016-06-09 17:07:43 INFO  Browser:232 - Verifying the text
2016-06-09 17:07:46 INFO  Browser:236 - Actual value is: There are no properties matching your search criteria. Please check the address spelling. If you still cannot locate the address, please provide Year Built, Style, Number of Stories, Finished Living Area and click the "Populate" button to load approximate construction details. These details must be verified by the customer.
2016-06-09 17:07:46 INFO  Browser:237 - Expected value is: There are no properties matching your search criteria. Please check the address spelling. If you still cannot locate the address, please provide Year Built, Style, Number of Stories, Finished Living Area and click the "Populate" button to load approximate construction details. These details must be verified by the customer.
2016-06-09 17:07:46 INFO  Browser:161 - Entering text into TextBox: 2000
2016-06-09 17:07:46 INFO  Browser:184 - Selecting DropDown Value: 1.5 Storey
2016-06-09 17:07:47 INFO  Browser:184 - Selecting DropDown Value: 1.5
2016-06-09 17:07:48 INFO  Browser:161 - Entering text into TextBox: 1835
2016-06-09 17:07:48 INFO  Browser:367 - Waiting for an element to be clickable
2016-06-09 17:07:49 INFO  Browser:173 - Clicking on button
2016-06-09 17:07:49 INFO  Browser:232 - Verifying the text
2016-06-09 17:07:52 INFO  Browser:236 - Actual value is: MSB Values populated successfully.
2016-06-09 17:07:52 INFO  Browser:237 - Expected value is: MSB Values populated successfully.
2016-06-09 17:07:52 INFO  Browser:184 - Selecting DropDown Value: Concrete
2016-06-09 17:07:52 INFO  Browser:367 - Waiting for an element to be clickable
2016-06-09 17:07:53 INFO  Browser:173 - Clicking on button
2016-06-09 17:07:53 INFO  Browser:367 - Waiting for an element to be clickable
2016-06-09 17:07:56 INFO  Browser:173 - Clicking on button
2016-06-09 17:07:57 INFO  Browser:232 - Verifying the text
2016-06-09 17:07:57 INFO  Browser:236 - Actual value is: Verified
2016-06-09 17:07:57 INFO  Browser:237 - Expected value is: Verified
2016-06-09 17:07:57 INFO  Browser:367 - Waiting for an element to be clickable
2016-06-09 17:07:59 INFO  Browser:173 - Clicking on button
2016-06-09 17:08:07 INFO  Browser:403 - Accepting windows alert box
2016-06-09 17:09:08 INFO  Browser:412 - Alert is not present
2016-06-09 17:09:08 INFO  Browser:232 - Verifying the text
2016-06-09 17:09:08 INFO  Browser:236 - Actual value is: Policy Home Asset was saved successfully.
2016-06-09 17:09:08 INFO  Browser:237 - Expected value is: Policy Home Asset was saved successfully.
2016-06-09 17:09:08 INFO  Browser:367 - Waiting for an element to be clickable
2016-06-09 17:09:08 INFO  Browser:173 - Clicking on button
2016-06-09 17:09:09 INFO  Browser:403 - Accepting windows alert box
2016-06-09 17:10:09 INFO  Browser:412 - Alert is not present
2016-06-09 17:10:09 INFO  Browser:232 - Verifying the text
2016-06-09 17:10:09 INFO  Browser:236 - Actual value is: Policy Home Asset was saved successfully.
2016-06-09 17:10:09 INFO  Browser:237 - Expected value is: Policy Home Asset was saved successfully.
2016-06-09 17:10:09 INFO  Browser:367 - Waiting for an element to be clickable
2016-06-09 17:11:12 FATAL Browser:376 - org.openqa.selenium.TimeoutException: Timed out after 60 seconds waiting for visibility of element located by By.id: btnAssetsTabDeleteId
Build info: version: '2.53.0', revision: '35ae25b1534ae328c771e0856c93e187490ca824', time: '2016-03-15 10:43:46'
System info: host: 'optimus-150', ip: '192.197.48.156', os.name: 'Windows 8.1', os.arch: 'amd64', os.version: '6.3', java.version: '1.8.0_40'
Driver info: org.openqa.selenium.ie.InternetExplorerDriver
Capabilities [{browserAttachTimeout=0, enablePersistentHover=true, ie.forceCreateProcessApi=false, ie.usePerProcessProxy=false, ignoreZoomSetting=false, handlesAlerts=true, version=11, platform=WINDOWS, nativeEvents=true, ie.ensureCleanSession=true, elementScrollBehavior=0, ie.browserCommandLineSwitches=, requireWindowFocus=false, browserName=internet explorer, initialBrowserUrl=http://localhost:8141/, takesScreenshot=true, javascriptEnabled=true, ignoreProtectedModeSettings=false, enableElementCacheCleanup=true, cssSelectorsEnabled=true, unexpectedAlertBehaviour=dismiss}]
Session ID: 2a8d2099-92a9-4910-96eb-1e3f87a98797
]]></system-out>
  </testcase>
  <testcase name="voidPolicy" classname="com.BCAA.neat.testcases.HabitationalTests" time="478.733"/>
</testsuite>