<?xml version="1.0" encoding="UTF-8"?>
<testng-results skipped="0" failed="2" total="6" passed="4">
  <reporter-output>
    <line>
      <![CDATA[<div style='width: 100px; float: left;'><a style='padding:20px' href='C:\Users\optimus150.OPTIMUSDOM\Desktop\Optimus-repository-10May\BCAA Test Automation Framework\Screenshot\additionalInsuredAsPrimaryPolicyholderTest_09-06-2016_16-55-30.png'><img src='C:\Users\optimus150.OPTIMUSDOM\Desktop\Optimus-repository-10May\BCAA Test Automation Framework\Screenshot\additionalInsuredAsPrimaryPolicyholderTest_09-06-2016_16-55-30.png' width='200px' /> </a></div></div>]]>
    </line>
    <line>
      <![CDATA[<div style='width: 100px; float: left;'><a style='padding:20px' href='C:\Users\optimus150.OPTIMUSDOM\Desktop\Optimus-repository-10May\BCAA Test Automation Framework\Screenshot\reinstatePolicy_09-06-2016_17-11-12.png'><img src='C:\Users\optimus150.OPTIMUSDOM\Desktop\Optimus-repository-10May\BCAA Test Automation Framework\Screenshot\reinstatePolicy_09-06-2016_17-11-12.png' width='200px' /> </a></div></div>]]>
    </line>
  </reporter-output>
  <suite name="NEAT Smoke Test Suite" duration-ms="2038190" started-at="2016-06-09T11:15:14Z" finished-at="2016-06-09T11:49:12Z">
    <groups>
    </groups>
    <test name="NEAT Tests" duration-ms="2038190" started-at="2016-06-09T11:15:14Z" finished-at="2016-06-09T11:49:12Z">
      <class name="com.BCAA.neat.testcases.HabitationalTests">
        <test-method status="PASS" signature="initialSetUp()[pri:0, instance:com.BCAA.neat.testcases.HabitationalTests@14bee915]" name="initialSetUp" is-config="true" duration-ms="34905" started-at="2016-06-09T16:45:14Z" finished-at="2016-06-09T16:45:49Z">
          <reporter-output>
          </reporter-output>
        </test-method> <!-- initialSetUp -->
        <test-method status="PASS" signature="SmokeTest()[pri:0, instance:com.BCAA.neat.testcases.HabitationalTests@14bee915]" name="SmokeTest" duration-ms="428585" started-at="2016-06-09T16:45:49Z" description="Smoke Test" finished-at="2016-06-09T16:52:57Z">
          <reporter-output>
          </reporter-output>
        </test-method> <!-- SmokeTest -->
        <test-method status="FAIL" signature="additionalInsuredAsPrimaryPolicyholderTest()[pri:0, instance:com.BCAA.neat.testcases.HabitationalTests@14bee915]" name="additionalInsuredAsPrimaryPolicyholderTest" duration-ms="152450" started-at="2016-06-09T16:52:57Z" description="BCAA-3973:Set an additional insured as the primary policyholder" finished-at="2016-06-09T16:55:30Z">
          <exception class="org.openqa.selenium.NoSuchElementException">
            <message>
              <![CDATA[Unable to find element with xpath == td[6]/input[contains(@value,'true')] (WARNING: The server did not provide any stacktrace information)
Command duration or timeout: 15.21 seconds
For documentation on this error, please visit: http://seleniumhq.org/exceptions/no_such_element.html
Build info: version: '2.53.0', revision: '35ae25b1534ae328c771e0856c93e187490ca824', time: '2016-03-15 10:43:46'
System info: host: 'optimus-150', ip: '192.197.48.156', os.name: 'Windows 8.1', os.arch: 'amd64', os.version: '6.3', java.version: '1.8.0_40'
Driver info: org.openqa.selenium.ie.InternetExplorerDriver
Capabilities [{browserAttachTimeout=0, enablePersistentHover=true, ie.forceCreateProcessApi=false, ie.usePerProcessProxy=false, ignoreZoomSetting=false, handlesAlerts=true, version=11, platform=WINDOWS, nativeEvents=true, ie.ensureCleanSession=true, elementScrollBehavior=0, ie.browserCommandLineSwitches=, requireWindowFocus=false, browserName=internet explorer, initialBrowserUrl=http://localhost:8141/, takesScreenshot=true, javascriptEnabled=true, ignoreProtectedModeSettings=false, enableElementCacheCleanup=true, cssSelectorsEnabled=true, unexpectedAlertBehaviour=dismiss}]
Session ID: 2a8d2099-92a9-4910-96eb-1e3f87a98797
*** Element info: {Using=xpath, value=td[6]/input[contains(@value,'true')]}]]>
            </message>
            <full-stacktrace>
              <![CDATA[org.openqa.selenium.NoSuchElementException: Unable to find element with xpath == td[6]/input[contains(@value,'true')] (WARNING: The server did not provide any stacktrace information)
Command duration or timeout: 15.21 seconds
For documentation on this error, please visit: http://seleniumhq.org/exceptions/no_such_element.html
Build info: version: '2.53.0', revision: '35ae25b1534ae328c771e0856c93e187490ca824', time: '2016-03-15 10:43:46'
System info: host: 'optimus-150', ip: '192.197.48.156', os.name: 'Windows 8.1', os.arch: 'amd64', os.version: '6.3', java.version: '1.8.0_40'
Driver info: org.openqa.selenium.ie.InternetExplorerDriver
Capabilities [{browserAttachTimeout=0, enablePersistentHover=true, ie.forceCreateProcessApi=false, ie.usePerProcessProxy=false, ignoreZoomSetting=false, handlesAlerts=true, version=11, platform=WINDOWS, nativeEvents=true, ie.ensureCleanSession=true, elementScrollBehavior=0, ie.browserCommandLineSwitches=, requireWindowFocus=false, browserName=internet explorer, initialBrowserUrl=http://localhost:8141/, takesScreenshot=true, javascriptEnabled=true, ignoreProtectedModeSettings=false, enableElementCacheCleanup=true, cssSelectorsEnabled=true, unexpectedAlertBehaviour=dismiss}]
Session ID: 2a8d2099-92a9-4910-96eb-1e3f87a98797
*** Element info: {Using=xpath, value=td[6]/input[contains(@value,'true')]}
	at sun.reflect.NativeConstructorAccessorImpl.newInstance0(Native Method)
	at sun.reflect.NativeConstructorAccessorImpl.newInstance(NativeConstructorAccessorImpl.java:62)
	at sun.reflect.DelegatingConstructorAccessorImpl.newInstance(DelegatingConstructorAccessorImpl.java:45)
	at java.lang.reflect.Constructor.newInstance(Constructor.java:422)
	at org.openqa.selenium.remote.ErrorHandler.createThrowable(ErrorHandler.java:206)
	at org.openqa.selenium.remote.ErrorHandler.throwIfResponseFailed(ErrorHandler.java:158)
	at org.openqa.selenium.remote.RemoteWebDriver.execute(RemoteWebDriver.java:678)
	at org.openqa.selenium.remote.RemoteWebElement.execute(RemoteWebElement.java:327)
	at org.openqa.selenium.remote.RemoteWebElement.findElement(RemoteWebElement.java:198)
	at org.openqa.selenium.remote.RemoteWebElement.findElementByXPath(RemoteWebElement.java:295)
	at org.openqa.selenium.By$ByXPath.findElement(By.java:361)
	at org.openqa.selenium.remote.RemoteWebElement.findElement(RemoteWebElement.java:194)
	at com.BCAA.neat.baseElementClass.Table.verifyCheckBoxChecked(Table.java:199)
	at com.BCAA.neat.pageObjects.insurance.EditInsuredPage.verifyPrimaryNonPrimaryHolders(EditInsuredPage.java:94)
	at com.BCAA.neat.baseInsurance.InsuranceLibrary.goToInsuredsTabAndEditPrimaryPolicyHolder(InsuranceLibrary.java:372)
	at com.BCAA.neat.testcases.HabitationalTests.additionalInsuredAsPrimaryPolicyholderTest(HabitationalTests.java:161)
	at sun.reflect.NativeMethodAccessorImpl.invoke0(Native Method)
	at sun.reflect.NativeMethodAccessorImpl.invoke(NativeMethodAccessorImpl.java:62)
	at sun.reflect.DelegatingMethodAccessorImpl.invoke(DelegatingMethodAccessorImpl.java:43)
	at java.lang.reflect.Method.invoke(Method.java:497)
	at org.testng.internal.MethodInvocationHelper.invokeMethod(MethodInvocationHelper.java:85)
	at org.testng.internal.Invoker.invokeMethod(Invoker.java:639)
	at org.testng.internal.Invoker.invokeTestMethod(Invoker.java:816)
	at org.testng.internal.Invoker.invokeTestMethods(Invoker.java:1124)
	at org.testng.internal.TestMethodWorker.invokeTestMethods(TestMethodWorker.java:125)
	at org.testng.internal.TestMethodWorker.run(TestMethodWorker.java:108)
	at org.testng.TestRunner.privateRun(TestRunner.java:774)
	at org.testng.TestRunner.run(TestRunner.java:624)
	at org.testng.SuiteRunner.runTest(SuiteRunner.java:359)
	at org.testng.SuiteRunner.runSequentially(SuiteRunner.java:354)
	at org.testng.SuiteRunner.privateRun(SuiteRunner.java:312)
	at org.testng.SuiteRunner.run(SuiteRunner.java:261)
	at org.testng.SuiteRunnerWorker.runSuite(SuiteRunnerWorker.java:52)
	at org.testng.SuiteRunnerWorker.run(SuiteRunnerWorker.java:86)
	at org.testng.TestNG.runSuitesSequentially(TestNG.java:1215)
	at org.testng.TestNG.runSuitesLocally(TestNG.java:1140)
	at org.testng.TestNG.run(TestNG.java:1048)
	at org.apache.maven.surefire.testng.TestNGExecutor.run(TestNGExecutor.java:281)
	at org.apache.maven.surefire.testng.TestNGXmlTestSuite.execute(TestNGXmlTestSuite.java:75)
	at org.apache.maven.surefire.testng.TestNGProvider.invoke(TestNGProvider.java:121)
	at org.apache.maven.surefire.booter.ForkedBooter.invokeProviderInSameClassLoader(ForkedBooter.java:290)
	at org.apache.maven.surefire.booter.ForkedBooter.runSuitesInProcess(ForkedBooter.java:242)
	at org.apache.maven.surefire.booter.ForkedBooter.main(ForkedBooter.java:121)
]]>
            </full-stacktrace>
          </exception> <!-- org.openqa.selenium.NoSuchElementException -->
          <reporter-output>
            <line>
              <![CDATA[<div style='width: 100px; float: left;'><a style='padding:20px' href='C:\Users\optimus150.OPTIMUSDOM\Desktop\Optimus-repository-10May\BCAA Test Automation Framework\Screenshot\additionalInsuredAsPrimaryPolicyholderTest_09-06-2016_16-55-30.png'><img src='C:\Users\optimus150.OPTIMUSDOM\Desktop\Optimus-repository-10May\BCAA Test Automation Framework\Screenshot\additionalInsuredAsPrimaryPolicyholderTest_09-06-2016_16-55-30.png' width='200px' /> </a></div></div>]]>
            </line>
          </reporter-output>
        </test-method> <!-- additionalInsuredAsPrimaryPolicyholderTest -->
        <test-method status="PASS" signature="commitQuoteCopyAndIssuePolicyTest()[pri:0, instance:com.BCAA.neat.testcases.HabitationalTests@14bee915]" name="commitQuoteCopyAndIssuePolicyTest" duration-ms="543246" started-at="2016-06-09T16:55:30Z" description="TA-3946:Commit Quote, Copy and Issue a Policy" finished-at="2016-06-09T17:04:34Z">
          <reporter-output>
          </reporter-output>
        </test-method> <!-- commitQuoteCopyAndIssuePolicyTest -->
        <test-method status="PASS" signature="createAndDeleteExternalClaimTest()[pri:0, instance:com.BCAA.neat.testcases.HabitationalTests@14bee915]" name="createAndDeleteExternalClaimTest" duration-ms="53833" started-at="2016-06-09T17:04:34Z" description="BCAA-3953: Create and Delete External Claim" finished-at="2016-06-09T17:05:27Z">
          <reporter-output>
          </reporter-output>
        </test-method> <!-- createAndDeleteExternalClaimTest -->
        <test-method status="FAIL" signature="reinstatePolicy()[pri:0, instance:com.BCAA.neat.testcases.HabitationalTests@14bee915]" name="reinstatePolicy" duration-ms="344498" started-at="2016-06-09T17:05:27Z" description="BCAA-3960: Reinstate a Policy" finished-at="2016-06-09T17:11:12Z">
          <exception class="java.lang.AssertionError">
            <message>
              <![CDATA[Timed out after 60 seconds waiting for visibility of element located by By.id: btnAssetsTabDeleteId
Build info: version: '2.53.0', revision: '35ae25b1534ae328c771e0856c93e187490ca824', time: '2016-03-15 10:43:46'
System info: host: 'optimus-150', ip: '192.197.48.156', os.name: 'Windows 8.1', os.arch: 'amd64', os.version: '6.3', java.version: '1.8.0_40'
Driver info: org.openqa.selenium.ie.InternetExplorerDriver
Capabilities [{browserAttachTimeout=0, enablePersistentHover=true, ie.forceCreateProcessApi=false, ie.usePerProcessProxy=false, ignoreZoomSetting=false, handlesAlerts=true, version=11, platform=WINDOWS, nativeEvents=true, ie.ensureCleanSession=true, elementScrollBehavior=0, ie.browserCommandLineSwitches=, requireWindowFocus=false, browserName=internet explorer, initialBrowserUrl=http://localhost:8141/, takesScreenshot=true, javascriptEnabled=true, ignoreProtectedModeSettings=false, enableElementCacheCleanup=true, cssSelectorsEnabled=true, unexpectedAlertBehaviour=dismiss}]
Session ID: 2a8d2099-92a9-4910-96eb-1e3f87a98797]]>
            </message>
            <full-stacktrace>
              <![CDATA[java.lang.AssertionError: Timed out after 60 seconds waiting for visibility of element located by By.id: btnAssetsTabDeleteId
Build info: version: '2.53.0', revision: '35ae25b1534ae328c771e0856c93e187490ca824', time: '2016-03-15 10:43:46'
System info: host: 'optimus-150', ip: '192.197.48.156', os.name: 'Windows 8.1', os.arch: 'amd64', os.version: '6.3', java.version: '1.8.0_40'
Driver info: org.openqa.selenium.ie.InternetExplorerDriver
Capabilities [{browserAttachTimeout=0, enablePersistentHover=true, ie.forceCreateProcessApi=false, ie.usePerProcessProxy=false, ignoreZoomSetting=false, handlesAlerts=true, version=11, platform=WINDOWS, nativeEvents=true, ie.ensureCleanSession=true, elementScrollBehavior=0, ie.browserCommandLineSwitches=, requireWindowFocus=false, browserName=internet explorer, initialBrowserUrl=http://localhost:8141/, takesScreenshot=true, javascriptEnabled=true, ignoreProtectedModeSettings=false, enableElementCacheCleanup=true, cssSelectorsEnabled=true, unexpectedAlertBehaviour=dismiss}]
Session ID: 2a8d2099-92a9-4910-96eb-1e3f87a98797
	at org.testng.Assert.fail(Assert.java:94)
	at com.BCAA.neat.executor.Browser.waitTillElementIsClickable(Browser.java:377)
	at com.BCAA.neat.baseElementClass.Button.clickWhenElementIsClickable(Button.java:40)
	at com.BCAA.neat.pageObjects.insurance.HomeEvaluationTabPage.addHomeEvaluation(HomeEvaluationTabPage.java:127)
	at com.BCAA.neat.baseInsurance.InsuranceLibrary.createAsset(InsuranceLibrary.java:415)
	at com.BCAA.neat.baseInsurance.InsuranceLibrary.commitQuote(InsuranceLibrary.java:185)
	at com.BCAA.neat.baseInsurance.InsuranceLibrary.issuePolicy(InsuranceLibrary.java:204)
	at com.BCAA.neat.testcases.HabitationalTests.reinstatePolicy(HabitationalTests.java:185)
	at sun.reflect.NativeMethodAccessorImpl.invoke0(Native Method)
	at sun.reflect.NativeMethodAccessorImpl.invoke(NativeMethodAccessorImpl.java:62)
	at sun.reflect.DelegatingMethodAccessorImpl.invoke(DelegatingMethodAccessorImpl.java:43)
	at java.lang.reflect.Method.invoke(Method.java:497)
	at org.testng.internal.MethodInvocationHelper.invokeMethod(MethodInvocationHelper.java:85)
	at org.testng.internal.Invoker.invokeMethod(Invoker.java:639)
	at org.testng.internal.Invoker.invokeTestMethod(Invoker.java:816)
	at org.testng.internal.Invoker.invokeTestMethods(Invoker.java:1124)
	at org.testng.internal.TestMethodWorker.invokeTestMethods(TestMethodWorker.java:125)
	at org.testng.internal.TestMethodWorker.run(TestMethodWorker.java:108)
	at org.testng.TestRunner.privateRun(TestRunner.java:774)
	at org.testng.TestRunner.run(TestRunner.java:624)
	at org.testng.SuiteRunner.runTest(SuiteRunner.java:359)
	at org.testng.SuiteRunner.runSequentially(SuiteRunner.java:354)
	at org.testng.SuiteRunner.privateRun(SuiteRunner.java:312)
	at org.testng.SuiteRunner.run(SuiteRunner.java:261)
	at org.testng.SuiteRunnerWorker.runSuite(SuiteRunnerWorker.java:52)
	at org.testng.SuiteRunnerWorker.run(SuiteRunnerWorker.java:86)
	at org.testng.TestNG.runSuitesSequentially(TestNG.java:1215)
	at org.testng.TestNG.runSuitesLocally(TestNG.java:1140)
	at org.testng.TestNG.run(TestNG.java:1048)
	at org.apache.maven.surefire.testng.TestNGExecutor.run(TestNGExecutor.java:281)
	at org.apache.maven.surefire.testng.TestNGXmlTestSuite.execute(TestNGXmlTestSuite.java:75)
	at org.apache.maven.surefire.testng.TestNGProvider.invoke(TestNGProvider.java:121)
	at org.apache.maven.surefire.booter.ForkedBooter.invokeProviderInSameClassLoader(ForkedBooter.java:290)
	at org.apache.maven.surefire.booter.ForkedBooter.runSuitesInProcess(ForkedBooter.java:242)
	at org.apache.maven.surefire.booter.ForkedBooter.main(ForkedBooter.java:121)
]]>
            </full-stacktrace>
          </exception> <!-- java.lang.AssertionError -->
          <reporter-output>
            <line>
              <![CDATA[<div style='width: 100px; float: left;'><a style='padding:20px' href='C:\Users\optimus150.OPTIMUSDOM\Desktop\Optimus-repository-10May\BCAA Test Automation Framework\Screenshot\reinstatePolicy_09-06-2016_17-11-12.png'><img src='C:\Users\optimus150.OPTIMUSDOM\Desktop\Optimus-repository-10May\BCAA Test Automation Framework\Screenshot\reinstatePolicy_09-06-2016_17-11-12.png' width='200px' /> </a></div></div>]]>
            </line>
          </reporter-output>
        </test-method> <!-- reinstatePolicy -->
        <test-method status="PASS" signature="voidPolicy()[pri:0, instance:com.BCAA.neat.testcases.HabitationalTests@14bee915]" name="voidPolicy" duration-ms="478733" started-at="2016-06-09T17:11:12Z" description="BCAA-3962: Void a Policy" finished-at="2016-06-09T17:19:11Z">
          <reporter-output>
          </reporter-output>
        </test-method> <!-- voidPolicy -->
        <test-method status="PASS" signature="closeBrowser()[pri:0, instance:com.BCAA.neat.testcases.HabitationalTests@14bee915]" name="closeBrowser" is-config="true" duration-ms="752" started-at="2016-06-09T17:19:11Z" finished-at="2016-06-09T17:19:12Z">
          <reporter-output>
          </reporter-output>
        </test-method> <!-- closeBrowser -->
      </class> <!-- com.BCAA.neat.testcases.HabitationalTests -->
    </test> <!-- NEAT Tests -->
  </suite> <!-- NEAT Smoke Test Suite -->
</testng-results>
